#
# A fatal error has been detected by the Java Runtime Environment:
#
#  EXCEPTION_ACCESS_VIOLATION (0xc0000005) at pc=0x00007ffc635e363b, pid=9588, tid=13508
#
# JRE version: OpenJDK Runtime Environment Temurin-17.0.1+12 (17.0.1+12) (build 17.0.1+12)
# Java VM: OpenJDK 64-Bit Server VM Temurin-17.0.1+12 (17.0.1+12, mixed mode, tiered, compressed oops, compressed class ptrs, g1 gc, windows-amd64)
# Problematic frame:
# V  [jvm.dll+0x65363b]
#
# No core dump will be written. Minidumps are not enabled by default on client versions of Windows
#
# If you would like to submit a bug report, please visit:
#   https://github.com/adoptium/adoptium-support/issues
#

---------------  S U M M A R Y ------------

Command Line: -Dfile.encoding=x-windows-949 -Dstdout.encoding=x-windows-949 -Dstderr.encoding=x-windows-949 -XX:+ShowCodeDetailsInExceptionMessages miniProject.TheaterApp

Host: 11th Gen Intel(R) Core(TM) i7-11700 @ 2.50GHz, 16 cores, 15G,  Windows 10 , 64 bit Build 19041 (10.0.19041.3636)
Time: Fri Dec 15 09:59:03 2023  Windows 10 , 64 bit Build 19041 (10.0.19041.3636) elapsed time: 9.103183 seconds (0d 0h 0m 9s)

---------------  T H R E A D  ---------------

Current thread (0x000002011a89aae0):  JavaThread "C2 CompilerThread0" daemon [_thread_in_native, id=13508, stack(0x000000641c400000,0x000000641c500000)]


Current CompileTask:
C2:   9103  188   !   4       miniProject.TheaterApp::main (362 bytes)

Stack: [0x000000641c400000,0x000000641c500000],  sp=0x000000641c4fab90,  free space=1002k
Native frames: (J=compiled Java code, j=interpreted, Vv=VM code, C=native code)
V  [jvm.dll+0x65363b]
V  [jvm.dll+0x569e2c]
V  [jvm.dll+0x57de70]
V  [jvm.dll+0x57dd44]
V  [jvm.dll+0x57f5f5]
V  [jvm.dll+0x57bce9]
V  [jvm.dll+0x22022d]
V  [jvm.dll+0x2199e1]
V  [jvm.dll+0x217345]
V  [jvm.dll+0x1a355d]
V  [jvm.dll+0x226e38]
V  [jvm.dll+0x224f7c]
V  [jvm.dll+0x7e3f5b]
V  [jvm.dll+0x7de51a]
V  [jvm.dll+0x673305]
C  [ucrtbase.dll+0x21bb2]
C  [KERNEL32.DLL+0x17344]
C  [ntdll.dll+0x526b1]


siginfo: EXCEPTION_ACCESS_VIOLATION (0xc0000005), reading address 0x0000000000000020


Register to memory mapping:

RIP=0x00007ffc635e363b jvm.dll
RAX=0x0 is NULL
RBX=0x0 is NULL
RCX=0x0 is NULL
RDX=0x0 is NULL
RSP=0x000000641c4fab90 is pointing into the stack for thread: 0x000002011a89aae0
RBP=0x0 is NULL
RSI=0x0 is NULL
RDI=0x000002011abaa938 points into unknown readable memory: 0x00007ffc638a1960 | 60 19 8a 63 fc 7f 00 00
R8 =0x000002011abaa938 points into unknown readable memory: 0x00007ffc638a1960 | 60 19 8a 63 fc 7f 00 00
R9 =0x000002011abaa988 points into unknown readable memory: 0x000002011abaa9a0 | a0 a9 ba 1a 01 02 00 00
R10=0xfefefefefefefeff is an unknown value
R11=0x8080808080808080 is an unknown value
R12=0x0000000000000001 is an unknown value
R13=0x000002011abab750 points into unknown readable memory: 0x00007ffc638b6a08 | 08 6a 8b 63 fc 7f 00 00
R14=0x000000641c4fb070 is pointing into the stack for thread: 0x000002011a89aae0
R15=0x0 is NULL


Registers:
RAX=0x0000000000000000, RBX=0x0000000000000000, RCX=0x0000000000000000, RDX=0x0000000000000000
RSP=0x000000641c4fab90, RBP=0x0000000000000000, RSI=0x0000000000000000, RDI=0x000002011abaa938
R8 =0x000002011abaa938, R9 =0x000002011abaa988, R10=0xfefefefefefefeff, R11=0x8080808080808080
R12=0x0000000000000001, R13=0x000002011abab750, R14=0x000000641c4fb070, R15=0x0000000000000000
RIP=0x00007ffc635e363b, EFLAGS=0x0000000000010246

Top of Stack: (sp=0x000000641c4fab90)
0x000000641c4fab90:   000002011abac918 00007ffc637a780e
0x000000641c4faba0:   000002011abab750 00007ffc635d20d7
0x000000641c4fabb0:   000002011abaa938 00007ffc634f9e2c
0x000000641c4fabc0:   000000641c4fac90 000002011abaa8c8
0x000000641c4fabd0:   000000641c4fac90 00007ffc634f9ccc
0x000000641c4fabe0:   0000000000000000 0000000000030300
0x000000641c4fabf0:   000002017a990860 000002011ababd00
0x000000641c4fac00:   000002011acddef0 00007ffc6350de70
0x000000641c4fac10:   000000641c4fb070 000000641c4fac90
0x000000641c4fac20:   000000641c4fb070 000002011ababd00
0x000000641c4fac30:   000000641c4fac90 00007ffc6350dd44
0x000000641c4fac40:   0000000000000001 000002011acddfd0
0x000000641c4fac50:   000000641c4fb070 0000000000000002
0x000000641c4fac60:   000002011a87dd08 00007ffc6350f5f5
0x000000641c4fac70:   0000000000000001 0000000000000000
0x000000641c4fac80:   000000641c4fadf0 000002011ac57030 

Instructions: (pc=0x00007ffc635e363b)
0x00007ffc635e353b:   f8 75 f6 ff c9 41 89 4a 20 48 8b 14 ca 48 89 10
0x00007ffc635e354b:   41 8b d3 49 8b c9 e9 aa d8 ff ff c3 cc cc cc cc
0x00007ffc635e355b:   cc cc cc cc cc 48 89 5c 24 08 57 48 83 ec 20 65
0x00007ffc635e356b:   48 8b 04 25 58 00 00 00 48 8b d9 8b 15 bc 4b 55
0x00007ffc635e357b:   00 48 8b 3c d0 b8 48 00 00 00 80 3c 38 00 75 05
0x00007ffc635e358b:   e8 4c 61 23 00 b8 18 00 00 00 48 8b 04 38 48 8b
0x00007ffc635e359b:   88 d0 04 00 00 48 8b 81 80 00 00 00 48 3b 98 d0
0x00007ffc635e35ab:   02 00 00 75 15 33 c0 48 89 43 20 48 89 43 10 48
0x00007ffc635e35bb:   8b 5c 24 30 48 83 c4 20 5f c3 48 83 7b 10 00 75
0x00007ffc635e35cb:   08 48 c7 43 10 ff ff ff ff 48 8b 5c 24 30 48 83
0x00007ffc635e35db:   c4 20 5f c3 cc 8b 41 2c 83 e0 1f 3c 14 75 2d 66
0x00007ffc635e35eb:   0f 1f 44 00 00 83 79 18 02 75 21 8b 41 2c 83 e0
0x00007ffc635e35fb:   1f 3c 14 75 17 84 d2 74 06 83 79 40 00 75 0d 48
0x00007ffc635e360b:   8b 41 08 48 8b 48 08 48 85 c9 75 d9 48 8b c1 c3
0x00007ffc635e361b:   cc cc cc cc cc 48 89 5c 24 08 48 89 6c 24 10 48
0x00007ffc635e362b:   89 74 24 18 57 48 83 ec 20 33 ed 48 8b f1 8b dd
0x00007ffc635e363b:   39 59 20 76 2b 48 8b 46 10 8b d3 48 8b 3c d0 48
0x00007ffc635e364b:   8b cf 48 8b 07 ff 50 10 84 c0 74 0d 48 3b fe 74
0x00007ffc635e365b:   08 48 85 ed 75 22 48 8b ef ff c3 3b 5e 20 72 d5
0x00007ffc635e366b:   48 8b c5 48 8b 5c 24 30 48 8b 6c 24 38 48 8b 74
0x00007ffc635e367b:   24 40 48 83 c4 20 5f c3 33 c0 eb e7 cc cc cc cc
0x00007ffc635e368b:   cc cc cc cc cc 44 8b 49 18 33 c0 45 85 c9 74 25
0x00007ffc635e369b:   4c 8b 51 10 90 44 8b c0 49 39 14 c2 74 08 ff c0
0x00007ffc635e36ab:   41 3b c1 72 f0 c3 41 8d 41 ff 89 41 18 49 8b 0c
0x00007ffc635e36bb:   c2 4b 89 0c c2 c3 cc cc cc cc cc cc cc cc cc cc
0x00007ffc635e36cb:   cc cc cc cc cc b8 02 00 00 00 f0 0f c1 05 2b ad
0x00007ffc635e36db:   52 00 83 c0 02 89 01 48 8b 05 17 ad 52 00 48 89
0x00007ffc635e36eb:   41 08 48 8b c1 c3 cc cc cc cc cc cc cc cc cc cc
0x00007ffc635e36fb:   cc cc cc cc cc 40 53 48 83 ec 20 48 8b d9 e8 92
0x00007ffc635e370b:   a1 18 00 33 c9 c7 83 90 02 00 00 ff ff ff ff 48
0x00007ffc635e371b:   8d 05 97 ce 34 00 48 89 8b 80 02 00 00 48 89 03
0x00007ffc635e372b:   48 8d 05 6e cf 34 00 48 89 03 48 8b c3 48 89 8b 


Stack slot to memory mapping:
stack at sp + 0 slots: 0x000002011abac918 points into unknown readable memory: 0x00007ffc638eaff8 | f8 af 8e 63 fc 7f 00 00
stack at sp + 1 slots: 0x00007ffc637a780e jvm.dll
stack at sp + 2 slots: 0x000002011abab750 points into unknown readable memory: 0x00007ffc638b6a08 | 08 6a 8b 63 fc 7f 00 00
stack at sp + 3 slots: 0x00007ffc635d20d7 jvm.dll
stack at sp + 4 slots: 0x000002011abaa938 points into unknown readable memory: 0x00007ffc638a1960 | 60 19 8a 63 fc 7f 00 00
stack at sp + 5 slots: 0x00007ffc634f9e2c jvm.dll
stack at sp + 6 slots: 0x000000641c4fac90 is pointing into the stack for thread: 0x000002011a89aae0
stack at sp + 7 slots: 0x000002011abaa8c8 points into unknown readable memory: 0x00007ffc638a17b8 | b8 17 8a 63 fc 7f 00 00


---------------  P R O C E S S  ---------------

Threads class SMR info:
_java_thread_list=0x000002011a854470, length=12, elements={
0x000002017a974680, 0x000002011a832760, 0x000002011a834320, 0x000002011a881350,
0x000002011a86d0c0, 0x000002011a8a76b0, 0x000002011a8a7f70, 0x000002011a89aae0,
0x000002011a89b580, 0x000002011a8a0060, 0x000002011aa1f630, 0x000002011aa201a0
}

Java Threads: ( => current thread )
  0x000002017a974680 JavaThread "main" [_thread_in_Java, id=11684, stack(0x000000641b700000,0x000000641b800000)]
  0x000002011a832760 JavaThread "Reference Handler" daemon [_thread_blocked, id=10272, stack(0x000000641be00000,0x000000641bf00000)]
  0x000002011a834320 JavaThread "Finalizer" daemon [_thread_blocked, id=2808, stack(0x000000641bf00000,0x000000641c000000)]
  0x000002011a881350 JavaThread "Signal Dispatcher" daemon [_thread_blocked, id=14752, stack(0x000000641c000000,0x000000641c100000)]
  0x000002011a86d0c0 JavaThread "Attach Listener" daemon [_thread_blocked, id=6336, stack(0x000000641c100000,0x000000641c200000)]
  0x000002011a8a76b0 JavaThread "Service Thread" daemon [_thread_blocked, id=2948, stack(0x000000641c200000,0x000000641c300000)]
  0x000002011a8a7f70 JavaThread "Monitor Deflation Thread" daemon [_thread_blocked, id=3728, stack(0x000000641c300000,0x000000641c400000)]
=>0x000002011a89aae0 JavaThread "C2 CompilerThread0" daemon [_thread_in_native, id=13508, stack(0x000000641c400000,0x000000641c500000)]
  0x000002011a89b580 JavaThread "C1 CompilerThread0" daemon [_thread_blocked, id=2944, stack(0x000000641c500000,0x000000641c600000)]
  0x000002011a8a0060 JavaThread "Sweeper thread" daemon [_thread_blocked, id=13532, stack(0x000000641c600000,0x000000641c700000)]
  0x000002011aa1f630 JavaThread "Notification Thread" daemon [_thread_blocked, id=1044, stack(0x000000641c900000,0x000000641ca00000)]
  0x000002011aa201a0 JavaThread "Common-Cleaner" daemon [_thread_blocked, id=12940, stack(0x000000641cb00000,0x000000641cc00000)]

Other Threads:
  0x0000020119ed8a50 VMThread "VM Thread" [stack: 0x000000641bd00000,0x000000641be00000] [id=11240]
  0x000002011aa1ff10 WatcherThread [stack: 0x000000641ca00000,0x000000641cb00000] [id=12144]
  0x000002017a9c8520 GCTaskThread "GC Thread#0" [stack: 0x000000641b800000,0x000000641b900000] [id=7724]
  0x000002017a9d9950 ConcurrentGCThread "G1 Main Marker" [stack: 0x000000641b900000,0x000000641ba00000] [id=12112]
  0x000002017a9db370 ConcurrentGCThread "G1 Conc#0" [stack: 0x000000641ba00000,0x000000641bb00000] [id=1140]
  0x0000020119d944e0 ConcurrentGCThread "G1 Refine#0" [stack: 0x000000641bb00000,0x000000641bc00000] [id=8324]
  0x000002017aa44f60 ConcurrentGCThread "G1 Service" [stack: 0x000000641bc00000,0x000000641bd00000] [id=652]

Threads with active compile tasks:
C2 CompilerThread0     9112  188   !   4       miniProject.TheaterApp::main (362 bytes)

VM state: not at safepoint (normal execution)

VM Mutex/Monitor currently owned by a thread: None

Heap address: 0x0000000702a00000, size: 4054 MB, Compressed Oops mode: Zero based, Oop shift amount: 3

CDS archive(s) not mapped
Compressed class space mapped at: 0x0000000800000000-0x0000000840000000, reserved size: 1073741824
Narrow klass base: 0x0000000800000000, Narrow klass shift: 0, Narrow klass range: 0x40000000

GC Precious Log:
 CPUs: 16 total, 16 available
 Memory: 16209M
 Large Page Support: Disabled
 NUMA Support: Disabled
 Compressed Oops: Enabled (Zero based)
 Heap Region Size: 2M
 Heap Min Capacity: 8M
 Heap Initial Capacity: 254M
 Heap Max Capacity: 4054M
 Pre-touch: Disabled
 Parallel Workers: 13
 Concurrent Workers: 3
 Concurrent Refinement Workers: 13
 Periodic GC: Disabled

Heap:
 garbage-first heap   total 260096K, used 2048K [0x0000000702a00000, 0x0000000800000000)
  region size 2048K, 2 young (4096K), 0 survivors (0K)
 Metaspace       used 6489K, committed 6656K, reserved 1056768K
  class space    used 544K, committed 640K, reserved 1048576K

Heap Regions: E=young(eden), S=young(survivor), O=old, HS=humongous(starts), HC=humongous(continues), CS=collection set, F=free, OA=open archive, CA=closed archive, TAMS=top-at-mark-start (previous, next)
|   0|0x0000000702a00000, 0x0000000702a00000, 0x0000000702c00000|  0%| F|  |TAMS 0x0000000702a00000, 0x0000000702a00000| Untracked 
|   1|0x0000000702c00000, 0x0000000702c00000, 0x0000000702e00000|  0%| F|  |TAMS 0x0000000702c00000, 0x0000000702c00000| Untracked 
|   2|0x0000000702e00000, 0x0000000702e00000, 0x0000000703000000|  0%| F|  |TAMS 0x0000000702e00000, 0x0000000702e00000| Untracked 
|   3|0x0000000703000000, 0x0000000703000000, 0x0000000703200000|  0%| F|  |TAMS 0x0000000703000000, 0x0000000703000000| Untracked 
|   4|0x0000000703200000, 0x0000000703200000, 0x0000000703400000|  0%| F|  |TAMS 0x0000000703200000, 0x0000000703200000| Untracked 
|   5|0x0000000703400000, 0x0000000703400000, 0x0000000703600000|  0%| F|  |TAMS 0x0000000703400000, 0x0000000703400000| Untracked 
|   6|0x0000000703600000, 0x0000000703600000, 0x0000000703800000|  0%| F|  |TAMS 0x0000000703600000, 0x0000000703600000| Untracked 
|   7|0x0000000703800000, 0x0000000703800000, 0x0000000703a00000|  0%| F|  |TAMS 0x0000000703800000, 0x0000000703800000| Untracked 
|   8|0x0000000703a00000, 0x0000000703a00000, 0x0000000703c00000|  0%| F|  |TAMS 0x0000000703a00000, 0x0000000703a00000| Untracked 
|   9|0x0000000703c00000, 0x0000000703c00000, 0x0000000703e00000|  0%| F|  |TAMS 0x0000000703c00000, 0x0000000703c00000| Untracked 
|  10|0x0000000703e00000, 0x0000000703e00000, 0x0000000704000000|  0%| F|  |TAMS 0x0000000703e00000, 0x0000000703e00000| Untracked 
|  11|0x0000000704000000, 0x0000000704000000, 0x0000000704200000|  0%| F|  |TAMS 0x0000000704000000, 0x0000000704000000| Untracked 
|  12|0x0000000704200000, 0x0000000704200000, 0x0000000704400000|  0%| F|  |TAMS 0x0000000704200000, 0x0000000704200000| Untracked 
|  13|0x0000000704400000, 0x0000000704400000, 0x0000000704600000|  0%| F|  |TAMS 0x0000000704400000, 0x0000000704400000| Untracked 
|  14|0x0000000704600000, 0x0000000704600000, 0x0000000704800000|  0%| F|  |TAMS 0x0000000704600000, 0x0000000704600000| Untracked 
|  15|0x0000000704800000, 0x0000000704800000, 0x0000000704a00000|  0%| F|  |TAMS 0x0000000704800000, 0x0000000704800000| Untracked 
|  16|0x0000000704a00000, 0x0000000704a00000, 0x0000000704c00000|  0%| F|  |TAMS 0x0000000704a00000, 0x0000000704a00000| Untracked 
|  17|0x0000000704c00000, 0x0000000704c00000, 0x0000000704e00000|  0%| F|  |TAMS 0x0000000704c00000, 0x0000000704c00000| Untracked 
|  18|0x0000000704e00000, 0x0000000704e00000, 0x0000000705000000|  0%| F|  |TAMS 0x0000000704e00000, 0x0000000704e00000| Untracked 
|  19|0x0000000705000000, 0x0000000705000000, 0x0000000705200000|  0%| F|  |TAMS 0x0000000705000000, 0x0000000705000000| Untracked 
|  20|0x0000000705200000, 0x0000000705200000, 0x0000000705400000|  0%| F|  |TAMS 0x0000000705200000, 0x0000000705200000| Untracked 
|  21|0x0000000705400000, 0x0000000705400000, 0x0000000705600000|  0%| F|  |TAMS 0x0000000705400000, 0x0000000705400000| Untracked 
|  22|0x0000000705600000, 0x0000000705600000, 0x0000000705800000|  0%| F|  |TAMS 0x0000000705600000, 0x0000000705600000| Untracked 
|  23|0x0000000705800000, 0x0000000705800000, 0x0000000705a00000|  0%| F|  |TAMS 0x0000000705800000, 0x0000000705800000| Untracked 
|  24|0x0000000705a00000, 0x0000000705a00000, 0x0000000705c00000|  0%| F|  |TAMS 0x0000000705a00000, 0x0000000705a00000| Untracked 
|  25|0x0000000705c00000, 0x0000000705c00000, 0x0000000705e00000|  0%| F|  |TAMS 0x0000000705c00000, 0x0000000705c00000| Untracked 
|  26|0x0000000705e00000, 0x0000000705e00000, 0x0000000706000000|  0%| F|  |TAMS 0x0000000705e00000, 0x0000000705e00000| Untracked 
|  27|0x0000000706000000, 0x0000000706000000, 0x0000000706200000|  0%| F|  |TAMS 0x0000000706000000, 0x0000000706000000| Untracked 
|  28|0x0000000706200000, 0x0000000706200000, 0x0000000706400000|  0%| F|  |TAMS 0x0000000706200000, 0x0000000706200000| Untracked 
|  29|0x0000000706400000, 0x0000000706400000, 0x0000000706600000|  0%| F|  |TAMS 0x0000000706400000, 0x0000000706400000| Untracked 
|  30|0x0000000706600000, 0x0000000706600000, 0x0000000706800000|  0%| F|  |TAMS 0x0000000706600000, 0x0000000706600000| Untracked 
|  31|0x0000000706800000, 0x0000000706800000, 0x0000000706a00000|  0%| F|  |TAMS 0x0000000706800000, 0x0000000706800000| Untracked 
|  32|0x0000000706a00000, 0x0000000706a00000, 0x0000000706c00000|  0%| F|  |TAMS 0x0000000706a00000, 0x0000000706a00000| Untracked 
|  33|0x0000000706c00000, 0x0000000706c00000, 0x0000000706e00000|  0%| F|  |TAMS 0x0000000706c00000, 0x0000000706c00000| Untracked 
|  34|0x0000000706e00000, 0x0000000706e00000, 0x0000000707000000|  0%| F|  |TAMS 0x0000000706e00000, 0x0000000706e00000| Untracked 
|  35|0x0000000707000000, 0x0000000707000000, 0x0000000707200000|  0%| F|  |TAMS 0x0000000707000000, 0x0000000707000000| Untracked 
|  36|0x0000000707200000, 0x0000000707200000, 0x0000000707400000|  0%| F|  |TAMS 0x0000000707200000, 0x0000000707200000| Untracked 
|  37|0x0000000707400000, 0x0000000707400000, 0x0000000707600000|  0%| F|  |TAMS 0x0000000707400000, 0x0000000707400000| Untracked 
|  38|0x0000000707600000, 0x0000000707600000, 0x0000000707800000|  0%| F|  |TAMS 0x0000000707600000, 0x0000000707600000| Untracked 
|  39|0x0000000707800000, 0x0000000707800000, 0x0000000707a00000|  0%| F|  |TAMS 0x0000000707800000, 0x0000000707800000| Untracked 
|  40|0x0000000707a00000, 0x0000000707a00000, 0x0000000707c00000|  0%| F|  |TAMS 0x0000000707a00000, 0x0000000707a00000| Untracked 
|  41|0x0000000707c00000, 0x0000000707c00000, 0x0000000707e00000|  0%| F|  |TAMS 0x0000000707c00000, 0x0000000707c00000| Untracked 
|  42|0x0000000707e00000, 0x0000000707e00000, 0x0000000708000000|  0%| F|  |TAMS 0x0000000707e00000, 0x0000000707e00000| Untracked 
|  43|0x0000000708000000, 0x0000000708000000, 0x0000000708200000|  0%| F|  |TAMS 0x0000000708000000, 0x0000000708000000| Untracked 
|  44|0x0000000708200000, 0x0000000708200000, 0x0000000708400000|  0%| F|  |TAMS 0x0000000708200000, 0x0000000708200000| Untracked 
|  45|0x0000000708400000, 0x0000000708400000, 0x0000000708600000|  0%| F|  |TAMS 0x0000000708400000, 0x0000000708400000| Untracked 
|  46|0x0000000708600000, 0x0000000708600000, 0x0000000708800000|  0%| F|  |TAMS 0x0000000708600000, 0x0000000708600000| Untracked 
|  47|0x0000000708800000, 0x0000000708800000, 0x0000000708a00000|  0%| F|  |TAMS 0x0000000708800000, 0x0000000708800000| Untracked 
|  48|0x0000000708a00000, 0x0000000708a00000, 0x0000000708c00000|  0%| F|  |TAMS 0x0000000708a00000, 0x0000000708a00000| Untracked 
|  49|0x0000000708c00000, 0x0000000708c00000, 0x0000000708e00000|  0%| F|  |TAMS 0x0000000708c00000, 0x0000000708c00000| Untracked 
|  50|0x0000000708e00000, 0x0000000708e00000, 0x0000000709000000|  0%| F|  |TAMS 0x0000000708e00000, 0x0000000708e00000| Untracked 
|  51|0x0000000709000000, 0x0000000709000000, 0x0000000709200000|  0%| F|  |TAMS 0x0000000709000000, 0x0000000709000000| Untracked 
|  52|0x0000000709200000, 0x0000000709200000, 0x0000000709400000|  0%| F|  |TAMS 0x0000000709200000, 0x0000000709200000| Untracked 
|  53|0x0000000709400000, 0x0000000709400000, 0x0000000709600000|  0%| F|  |TAMS 0x0000000709400000, 0x0000000709400000| Untracked 
|  54|0x0000000709600000, 0x0000000709600000, 0x0000000709800000|  0%| F|  |TAMS 0x0000000709600000, 0x0000000709600000| Untracked 
|  55|0x0000000709800000, 0x0000000709800000, 0x0000000709a00000|  0%| F|  |TAMS 0x0000000709800000, 0x0000000709800000| Untracked 
|  56|0x0000000709a00000, 0x0000000709a00000, 0x0000000709c00000|  0%| F|  |TAMS 0x0000000709a00000, 0x0000000709a00000| Untracked 
|  57|0x0000000709c00000, 0x0000000709c00000, 0x0000000709e00000|  0%| F|  |TAMS 0x0000000709c00000, 0x0000000709c00000| Untracked 
|  58|0x0000000709e00000, 0x0000000709e00000, 0x000000070a000000|  0%| F|  |TAMS 0x0000000709e00000, 0x0000000709e00000| Untracked 
|  59|0x000000070a000000, 0x000000070a000000, 0x000000070a200000|  0%| F|  |TAMS 0x000000070a000000, 0x000000070a000000| Untracked 
|  60|0x000000070a200000, 0x000000070a200000, 0x000000070a400000|  0%| F|  |TAMS 0x000000070a200000, 0x000000070a200000| Untracked 
|  61|0x000000070a400000, 0x000000070a400000, 0x000000070a600000|  0%| F|  |TAMS 0x000000070a400000, 0x000000070a400000| Untracked 
|  62|0x000000070a600000, 0x000000070a600000, 0x000000070a800000|  0%| F|  |TAMS 0x000000070a600000, 0x000000070a600000| Untracked 
|  63|0x000000070a800000, 0x000000070a800000, 0x000000070aa00000|  0%| F|  |TAMS 0x000000070a800000, 0x000000070a800000| Untracked 
|  64|0x000000070aa00000, 0x000000070aa00000, 0x000000070ac00000|  0%| F|  |TAMS 0x000000070aa00000, 0x000000070aa00000| Untracked 
|  65|0x000000070ac00000, 0x000000070ac00000, 0x000000070ae00000|  0%| F|  |TAMS 0x000000070ac00000, 0x000000070ac00000| Untracked 
|  66|0x000000070ae00000, 0x000000070ae00000, 0x000000070b000000|  0%| F|  |TAMS 0x000000070ae00000, 0x000000070ae00000| Untracked 
|  67|0x000000070b000000, 0x000000070b000000, 0x000000070b200000|  0%| F|  |TAMS 0x000000070b000000, 0x000000070b000000| Untracked 
|  68|0x000000070b200000, 0x000000070b200000, 0x000000070b400000|  0%| F|  |TAMS 0x000000070b200000, 0x000000070b200000| Untracked 
|  69|0x000000070b400000, 0x000000070b400000, 0x000000070b600000|  0%| F|  |TAMS 0x000000070b400000, 0x000000070b400000| Untracked 
|  70|0x000000070b600000, 0x000000070b600000, 0x000000070b800000|  0%| F|  |TAMS 0x000000070b600000, 0x000000070b600000| Untracked 
|  71|0x000000070b800000, 0x000000070b800000, 0x000000070ba00000|  0%| F|  |TAMS 0x000000070b800000, 0x000000070b800000| Untracked 
|  72|0x000000070ba00000, 0x000000070ba00000, 0x000000070bc00000|  0%| F|  |TAMS 0x000000070ba00000, 0x000000070ba00000| Untracked 
|  73|0x000000070bc00000, 0x000000070bc00000, 0x000000070be00000|  0%| F|  |TAMS 0x000000070bc00000, 0x000000070bc00000| Untracked 
|  74|0x000000070be00000, 0x000000070be00000, 0x000000070c000000|  0%| F|  |TAMS 0x000000070be00000, 0x000000070be00000| Untracked 
|  75|0x000000070c000000, 0x000000070c000000, 0x000000070c200000|  0%| F|  |TAMS 0x000000070c000000, 0x000000070c000000| Untracked 
|  76|0x000000070c200000, 0x000000070c200000, 0x000000070c400000|  0%| F|  |TAMS 0x000000070c200000, 0x000000070c200000| Untracked 
|  77|0x000000070c400000, 0x000000070c400000, 0x000000070c600000|  0%| F|  |TAMS 0x000000070c400000, 0x000000070c400000| Untracked 
|  78|0x000000070c600000, 0x000000070c600000, 0x000000070c800000|  0%| F|  |TAMS 0x000000070c600000, 0x000000070c600000| Untracked 
|  79|0x000000070c800000, 0x000000070c800000, 0x000000070ca00000|  0%| F|  |TAMS 0x000000070c800000, 0x000000070c800000| Untracked 
|  80|0x000000070ca00000, 0x000000070ca00000, 0x000000070cc00000|  0%| F|  |TAMS 0x000000070ca00000, 0x000000070ca00000| Untracked 
|  81|0x000000070cc00000, 0x000000070cc00000, 0x000000070ce00000|  0%| F|  |TAMS 0x000000070cc00000, 0x000000070cc00000| Untracked 
|  82|0x000000070ce00000, 0x000000070ce00000, 0x000000070d000000|  0%| F|  |TAMS 0x000000070ce00000, 0x000000070ce00000| Untracked 
|  83|0x000000070d000000, 0x000000070d000000, 0x000000070d200000|  0%| F|  |TAMS 0x000000070d000000, 0x000000070d000000| Untracked 
|  84|0x000000070d200000, 0x000000070d200000, 0x000000070d400000|  0%| F|  |TAMS 0x000000070d200000, 0x000000070d200000| Untracked 
|  85|0x000000070d400000, 0x000000070d400000, 0x000000070d600000|  0%| F|  |TAMS 0x000000070d400000, 0x000000070d400000| Untracked 
|  86|0x000000070d600000, 0x000000070d600000, 0x000000070d800000|  0%| F|  |TAMS 0x000000070d600000, 0x000000070d600000| Untracked 
|  87|0x000000070d800000, 0x000000070d800000, 0x000000070da00000|  0%| F|  |TAMS 0x000000070d800000, 0x000000070d800000| Untracked 
|  88|0x000000070da00000, 0x000000070da00000, 0x000000070dc00000|  0%| F|  |TAMS 0x000000070da00000, 0x000000070da00000| Untracked 
|  89|0x000000070dc00000, 0x000000070dc00000, 0x000000070de00000|  0%| F|  |TAMS 0x000000070dc00000, 0x000000070dc00000| Untracked 
|  90|0x000000070de00000, 0x000000070de00000, 0x000000070e000000|  0%| F|  |TAMS 0x000000070de00000, 0x000000070de00000| Untracked 
|  91|0x000000070e000000, 0x000000070e000000, 0x000000070e200000|  0%| F|  |TAMS 0x000000070e000000, 0x000000070e000000| Untracked 
|  92|0x000000070e200000, 0x000000070e200000, 0x000000070e400000|  0%| F|  |TAMS 0x000000070e200000, 0x000000070e200000| Untracked 
|  93|0x000000070e400000, 0x000000070e400000, 0x000000070e600000|  0%| F|  |TAMS 0x000000070e400000, 0x000000070e400000| Untracked 
|  94|0x000000070e600000, 0x000000070e600000, 0x000000070e800000|  0%| F|  |TAMS 0x000000070e600000, 0x000000070e600000| Untracked 
|  95|0x000000070e800000, 0x000000070e800000, 0x000000070ea00000|  0%| F|  |TAMS 0x000000070e800000, 0x000000070e800000| Untracked 
|  96|0x000000070ea00000, 0x000000070ea00000, 0x000000070ec00000|  0%| F|  |TAMS 0x000000070ea00000, 0x000000070ea00000| Untracked 
|  97|0x000000070ec00000, 0x000000070ec00000, 0x000000070ee00000|  0%| F|  |TAMS 0x000000070ec00000, 0x000000070ec00000| Untracked 
|  98|0x000000070ee00000, 0x000000070ee00000, 0x000000070f000000|  0%| F|  |TAMS 0x000000070ee00000, 0x000000070ee00000| Untracked 
|  99|0x000000070f000000, 0x000000070f000000, 0x000000070f200000|  0%| F|  |TAMS 0x000000070f000000, 0x000000070f000000| Untracked 
| 100|0x000000070f200000, 0x000000070f200000, 0x000000070f400000|  0%| F|  |TAMS 0x000000070f200000, 0x000000070f200000| Untracked 
| 101|0x000000070f400000, 0x000000070f400000, 0x000000070f600000|  0%| F|  |TAMS 0x000000070f400000, 0x000000070f400000| Untracked 
| 102|0x000000070f600000, 0x000000070f600000, 0x000000070f800000|  0%| F|  |TAMS 0x000000070f600000, 0x000000070f600000| Untracked 
| 103|0x000000070f800000, 0x000000070f800000, 0x000000070fa00000|  0%| F|  |TAMS 0x000000070f800000, 0x000000070f800000| Untracked 
| 104|0x000000070fa00000, 0x000000070fa00000, 0x000000070fc00000|  0%| F|  |TAMS 0x000000070fa00000, 0x000000070fa00000| Untracked 
| 105|0x000000070fc00000, 0x000000070fc00000, 0x000000070fe00000|  0%| F|  |TAMS 0x000000070fc00000, 0x000000070fc00000| Untracked 
| 106|0x000000070fe00000, 0x000000070fe00000, 0x0000000710000000|  0%| F|  |TAMS 0x000000070fe00000, 0x000000070fe00000| Untracked 
| 107|0x0000000710000000, 0x0000000710000000, 0x0000000710200000|  0%| F|  |TAMS 0x0000000710000000, 0x0000000710000000| Untracked 
| 108|0x0000000710200000, 0x0000000710200000, 0x0000000710400000|  0%| F|  |TAMS 0x0000000710200000, 0x0000000710200000| Untracked 
| 109|0x0000000710400000, 0x0000000710400000, 0x0000000710600000|  0%| F|  |TAMS 0x0000000710400000, 0x0000000710400000| Untracked 
| 110|0x0000000710600000, 0x0000000710600000, 0x0000000710800000|  0%| F|  |TAMS 0x0000000710600000, 0x0000000710600000| Untracked 
| 111|0x0000000710800000, 0x0000000710800000, 0x0000000710a00000|  0%| F|  |TAMS 0x0000000710800000, 0x0000000710800000| Untracked 
| 112|0x0000000710a00000, 0x0000000710a00000, 0x0000000710c00000|  0%| F|  |TAMS 0x0000000710a00000, 0x0000000710a00000| Untracked 
| 113|0x0000000710c00000, 0x0000000710c00000, 0x0000000710e00000|  0%| F|  |TAMS 0x0000000710c00000, 0x0000000710c00000| Untracked 
| 114|0x0000000710e00000, 0x0000000710e00000, 0x0000000711000000|  0%| F|  |TAMS 0x0000000710e00000, 0x0000000710e00000| Untracked 
| 115|0x0000000711000000, 0x0000000711000000, 0x0000000711200000|  0%| F|  |TAMS 0x0000000711000000, 0x0000000711000000| Untracked 
| 116|0x0000000711200000, 0x0000000711200000, 0x0000000711400000|  0%| F|  |TAMS 0x0000000711200000, 0x0000000711200000| Untracked 
| 117|0x0000000711400000, 0x0000000711400000, 0x0000000711600000|  0%| F|  |TAMS 0x0000000711400000, 0x0000000711400000| Untracked 
| 118|0x0000000711600000, 0x0000000711600000, 0x0000000711800000|  0%| F|  |TAMS 0x0000000711600000, 0x0000000711600000| Untracked 
| 119|0x0000000711800000, 0x0000000711800000, 0x0000000711a00000|  0%| F|  |TAMS 0x0000000711800000, 0x0000000711800000| Untracked 
| 120|0x0000000711a00000, 0x0000000711a00000, 0x0000000711c00000|  0%| F|  |TAMS 0x0000000711a00000, 0x0000000711a00000| Untracked 
| 121|0x0000000711c00000, 0x0000000711c00000, 0x0000000711e00000|  0%| F|  |TAMS 0x0000000711c00000, 0x0000000711c00000| Untracked 
| 122|0x0000000711e00000, 0x0000000711e00000, 0x0000000712000000|  0%| F|  |TAMS 0x0000000711e00000, 0x0000000711e00000| Untracked 
| 123|0x0000000712000000, 0x0000000712000000, 0x0000000712200000|  0%| F|  |TAMS 0x0000000712000000, 0x0000000712000000| Untracked 
| 124|0x0000000712200000, 0x0000000712200000, 0x0000000712400000|  0%| F|  |TAMS 0x0000000712200000, 0x0000000712200000| Untracked 
| 125|0x0000000712400000, 0x0000000712600000, 0x0000000712600000|100%| E|  |TAMS 0x0000000712400000, 0x0000000712400000| Complete 
| 126|0x0000000712600000, 0x0000000712800000, 0x0000000712800000|100%| E|CS|TAMS 0x0000000712600000, 0x0000000712600000| Complete 

Card table byte_map: [0x000002017f0a0000,0x000002017f890000] _byte_map_base: 0x000002017b88b000

Marking Bits (Prev, Next): (CMBitMap*) 0x000002017a9c8b30, (CMBitMap*) 0x000002017a9c8b70
 Prev Bits: [0x000002010f7f0000, 0x0000020113748000)
 Next Bits: [0x0000020113750000, 0x00000201176a8000)

Polling page: 0x0000020178960000

Metaspace:

Usage:
  Non-class:      5.81 MB used.
      Class:    544.46 KB used.
       Both:      6.34 MB used.

Virtual space:
  Non-class space:        8.00 MB reserved,       5.88 MB ( 73%) committed,  1 nodes.
      Class space:        1.00 GB reserved,     640.00 KB ( <1%) committed,  1 nodes.
             Both:        1.01 GB reserved,       6.50 MB ( <1%) committed. 

Chunk freelists:
   Non-Class:  2.09 MB
       Class:  3.25 MB
        Both:  5.33 MB

MaxMetaspaceSize: unlimited
CompressedClassSpaceSize: 1.00 GB
Initial GC threshold: 21.00 MB
Current GC threshold: 21.00 MB
CDS: off
MetaspaceReclaimPolicy: balanced
 - commit_granule_bytes: 65536.
 - commit_granule_words: 8192.
 - virtual_space_node_default_size: 1048576.
 - enlarge_chunks_in_place: 1.
 - new_chunks_are_fully_committed: 0.
 - uncommit_free_chunks: 1.
 - use_allocation_guard: 0.
 - handle_deallocations: 1.


Internal statistics:

num_allocs_failed_limit: 0.
num_arena_births: 8.
num_arena_deaths: 0.
num_vsnodes_births: 2.
num_vsnodes_deaths: 0.
num_space_committed: 104.
num_space_uncommitted: 0.
num_chunks_returned_to_freelist: 0.
num_chunks_taken_from_freelist: 26.
num_chunk_merges: 0.
num_chunk_splits: 10.
num_chunks_enlarged: 4.
num_purges: 0.
num_inconsistent_stats: 0.

CodeHeap 'non-profiled nmethods': size=119168Kb used=52Kb max_used=52Kb free=119115Kb
 bounds [0x0000020107ba0000, 0x0000020107e10000, 0x000002010f000000]
CodeHeap 'profiled nmethods': size=119104Kb used=238Kb max_used=238Kb free=118865Kb
 bounds [0x0000020100750000, 0x00000201009c0000, 0x0000020107ba0000]
CodeHeap 'non-nmethods': size=7488Kb used=1112Kb max_used=2243Kb free=6375Kb
 bounds [0x0000020100000000, 0x0000020100270000, 0x0000020100750000]
 total_blobs=562 nmethods=187 adapters=288
 compilation: enabled
              stopped_count=0, restarted_count=0
 full_count=0

Compilation events (20 events):
Event: 0.094 Thread 0x000002011a89b580 nmethod 175 0x0000020100786d10 code [0x0000020100786ea0, 0x0000020100787018]
Event: 0.095 Thread 0x000002011a89b580  176       3       sun.nio.cs.DoubleByte$Encoder::encodeChar (21 bytes)
Event: 0.095 Thread 0x000002011a89b580 nmethod 176 0x0000020100787090 code [0x0000020100787220, 0x0000020100787398]
Event: 0.095 Thread 0x000002011a89b580  177       1       java.lang.invoke.MethodHandles$Lookup::lookupClass (5 bytes)
Event: 0.095 Thread 0x000002011a89b580 nmethod 177 0x0000020107bac190 code [0x0000020107bac320, 0x0000020107bac3f8]
Event: 0.095 Thread 0x000002011a89b580  179       3       java.lang.invoke.MemberName::testAllFlags (7 bytes)
Event: 0.095 Thread 0x000002011a89b580 nmethod 179 0x0000020100787490 code [0x0000020100787620, 0x00000201007877f8]
Event: 0.095 Thread 0x000002011a89b580  180       3       java.lang.StringLatin1::lastIndexOf (40 bytes)
Event: 0.095 Thread 0x000002011a89b580 nmethod 180 0x0000020100787890 code [0x0000020100787a60, 0x0000020100787e58]
Event: 3.014 Thread 0x000002011aa21830  183       3       java.lang.Math::max (11 bytes)
Event: 3.015 Thread 0x000002011aa21830 nmethod 183 0x0000020100787f90 code [0x0000020100788120, 0x0000020100788258]
Event: 3.015 Thread 0x000002011a89b580  184       1       java.nio.Buffer::limit (5 bytes)
Event: 3.015 Thread 0x000002011a89b580 nmethod 184 0x0000020107baca90 code [0x0000020107bacc20, 0x0000020107baccf8]
Event: 4.254 Thread 0x000002011aa088c0  185       1       java.nio.Buffer::position (5 bytes)
Event: 4.255 Thread 0x000002011aa088c0 nmethod 185 0x0000020107bacd90 code [0x0000020107bacf20, 0x0000020107bacff8]
Event: 9.087 Thread 0x000002011a89b580  186 % !   3       miniProject.TheaterApp::main @ 356 (362 bytes)
Event: 9.088 Thread 0x000002011a89b580 nmethod 186% 0x0000020100788310 code [0x0000020100788900, 0x000002010078ab98]
Event: 9.088 Thread 0x000002011a89aae0  187 % !   4       miniProject.TheaterApp::main @ 356 (362 bytes)
Event: 9.089 Thread 0x000002011a89aae0 nmethod 187% 0x0000020107bad090 code [0x0000020107bad200, 0x0000020107bad298]
Event: 9.089 Thread 0x000002011a89aae0  188   !   4       miniProject.TheaterApp::main (362 bytes)

GC Heap History (0 events):
No events

Deoptimization events (6 events):
Event: 0.091 Thread 0x000002017a974680 Uncommon trap: trap_request=0xffffff45 fr.pc=0x0000020107baa1dc relative=0x000000000000005c
Event: 0.091 Thread 0x000002017a974680 Uncommon trap: reason=unstable_if action=reinterpret pc=0x0000020107baa1dc method=java.lang.String.isLatin1()Z @ 10 c2
Event: 0.091 Thread 0x000002017a974680 DEOPT PACKING pc=0x0000020107baa1dc sp=0x000000641b7fef00
Event: 0.091 Thread 0x000002017a974680 DEOPT UNPACKING pc=0x0000020100055c23 sp=0x000000641b7fee90 mode 2
Event: 9.089 Thread 0x000002017a974680 DEOPT PACKING pc=0x000002010078a85f sp=0x000000641b7ff530
Event: 9.089 Thread 0x000002017a974680 DEOPT UNPACKING pc=0x0000020100056763 sp=0x000000641b7fea70 mode 0

Classes unloaded (0 events):
No events

Classes redefined (0 events):
No events

Internal exceptions (0 events):
No events

VM Operations (2 events):
Event: 1.033 Executing VM operation: Cleanup
Event: 1.033 Executing VM operation: Cleanup done

Events (20 events):
Event: 0.092 loading class java/text/DecimalFormat
Event: 0.093 loading class java/text/DecimalFormat done
Event: 0.093 loading class java/text/FieldPosition
Event: 0.093 loading class java/text/FieldPosition done
Event: 0.093 loading class java/text/DigitList
Event: 0.093 loading class java/text/DigitList done
Event: 0.093 loading class java/math/RoundingMode
Event: 0.093 loading class java/math/RoundingMode done
Event: 0.095 loading class java/util/regex/Pattern$GroupTail
Event: 0.095 loading class java/util/regex/Pattern$GroupTail done
Event: 0.096 loading class java/util/regex/Pattern$BranchConn
Event: 0.096 loading class java/util/regex/Pattern$BranchConn done
Event: 0.096 loading class java/util/regex/Pattern$Branch
Event: 0.096 loading class java/util/regex/Pattern$Branch done
Event: 0.096 loading class java/util/regex/Pattern$Dollar
Event: 0.096 loading class java/util/regex/Pattern$Dollar done
Event: 3.014 loading class java/util/regex/Matcher$ImmutableMatchResult
Event: 3.015 loading class java/util/regex/Matcher$ImmutableMatchResult done
Event: 4.255 Thread 0x000002011aa21830 Thread exited: 0x000002011aa21830
Event: 9.087 Thread 0x000002011aa088c0 Thread exited: 0x000002011aa088c0


Dynamic libraries:
0x00007ff6d2230000 - 0x00007ff6d223e000 	D:\java_pg\eclipse-jee-2021-12-R-win32-x86_64\eclipse\plugins\org.eclipse.justj.openjdk.hotspot.jre.full.win32.x86_64_17.0.1.v20211116-1657\jre\bin\javaw.exe
0x00007ffcbc490000 - 0x00007ffcbc688000 	C:\Windows\SYSTEM32\ntdll.dll
0x00007ffcbb270000 - 0x00007ffcbb32d000 	C:\Windows\System32\KERNEL32.DLL
0x00007ffcb9c60000 - 0x00007ffcb9f56000 	C:\Windows\System32\KERNELBASE.dll
0x00007ffcba3f0000 - 0x00007ffcba4f0000 	C:\Windows\System32\ucrtbase.dll
0x00007ffcb5620000 - 0x00007ffcb5638000 	D:\java_pg\eclipse-jee-2021-12-R-win32-x86_64\eclipse\plugins\org.eclipse.justj.openjdk.hotspot.jre.full.win32.x86_64_17.0.1.v20211116-1657\jre\bin\jli.dll
0x00007ffcb5600000 - 0x00007ffcb5619000 	D:\java_pg\eclipse-jee-2021-12-R-win32-x86_64\eclipse\plugins\org.eclipse.justj.openjdk.hotspot.jre.full.win32.x86_64_17.0.1.v20211116-1657\jre\bin\VCRUNTIME140.dll
0x00007ffcbb6f0000 - 0x00007ffcbb88e000 	C:\Windows\System32\USER32.dll
0x00007ffcb9b70000 - 0x00007ffcb9b92000 	C:\Windows\System32\win32u.dll
0x00007ffca94f0000 - 0x00007ffca978a000 	C:\Windows\WinSxS\amd64_microsoft.windows.common-controls_6595b64144ccf1df_6.0.19041.3636_none_60b6a03d71f818d5\COMCTL32.dll
0x00007ffcbb890000 - 0x00007ffcbb8bc000 	C:\Windows\System32\GDI32.dll
0x00007ffcbbed0000 - 0x00007ffcbbf6e000 	C:\Windows\System32\msvcrt.dll
0x00007ffcb9f60000 - 0x00007ffcba07a000 	C:\Windows\System32\gdi32full.dll
0x00007ffcba350000 - 0x00007ffcba3ed000 	C:\Windows\System32\msvcp_win.dll
0x00007ffcbaa90000 - 0x00007ffcbaac0000 	C:\Windows\System32\IMM32.DLL
0x00007ffcb56c0000 - 0x00007ffcb56cc000 	D:\java_pg\eclipse-jee-2021-12-R-win32-x86_64\eclipse\plugins\org.eclipse.justj.openjdk.hotspot.jre.full.win32.x86_64_17.0.1.v20211116-1657\jre\bin\vcruntime140_1.dll
0x00007ffcb3550000 - 0x00007ffcb35e1000 	D:\java_pg\eclipse-jee-2021-12-R-win32-x86_64\eclipse\plugins\org.eclipse.justj.openjdk.hotspot.jre.full.win32.x86_64_17.0.1.v20211116-1657\jre\bin\msvcp140.dll
0x00007ffc62f90000 - 0x00007ffc63bd6000 	D:\java_pg\eclipse-jee-2021-12-R-win32-x86_64\eclipse\plugins\org.eclipse.justj.openjdk.hotspot.jre.full.win32.x86_64_17.0.1.v20211116-1657\jre\bin\server\jvm.dll
0x00007ffcba760000 - 0x00007ffcba80f000 	C:\Windows\System32\ADVAPI32.dll
0x00007ffcba4f0000 - 0x00007ffcba58c000 	C:\Windows\System32\sechost.dll
0x00007ffcbb3b0000 - 0x00007ffcbb4d6000 	C:\Windows\System32\RPCRT4.dll
0x00007ffcba750000 - 0x00007ffcba758000 	C:\Windows\System32\PSAPI.DLL
0x00007ffcb4140000 - 0x00007ffcb414a000 	C:\Windows\SYSTEM32\VERSION.dll
0x00007ffcabab0000 - 0x00007ffcabad7000 	C:\Windows\SYSTEM32\WINMM.dll
0x00007ffca9f30000 - 0x00007ffca9f39000 	C:\Windows\SYSTEM32\WSOCK32.dll
0x00007ffcbb340000 - 0x00007ffcbb3ab000 	C:\Windows\System32\WS2_32.dll
0x00007ffcb7970000 - 0x00007ffcb7982000 	C:\Windows\SYSTEM32\kernel.appcore.dll
0x00007ffcb5680000 - 0x00007ffcb568a000 	D:\java_pg\eclipse-jee-2021-12-R-win32-x86_64\eclipse\plugins\org.eclipse.justj.openjdk.hotspot.jre.full.win32.x86_64_17.0.1.v20211116-1657\jre\bin\jimage.dll
0x00007ffca1e90000 - 0x00007ffca2074000 	C:\Windows\SYSTEM32\DBGHELP.DLL
0x00007ffc97910000 - 0x00007ffc97944000 	C:\Windows\SYSTEM32\dbgcore.DLL
0x00007ffcba2c0000 - 0x00007ffcba342000 	C:\Windows\System32\bcryptPrimitives.dll
0x00007ffcb3770000 - 0x00007ffcb3795000 	D:\java_pg\eclipse-jee-2021-12-R-win32-x86_64\eclipse\plugins\org.eclipse.justj.openjdk.hotspot.jre.full.win32.x86_64_17.0.1.v20211116-1657\jre\bin\java.dll
0x00007ffcb55e0000 - 0x00007ffcb55f8000 	D:\java_pg\eclipse-jee-2021-12-R-win32-x86_64\eclipse\plugins\org.eclipse.justj.openjdk.hotspot.jre.full.win32.x86_64_17.0.1.v20211116-1657\jre\bin\zip.dll
0x00007ffcbab20000 - 0x00007ffcbb265000 	C:\Windows\System32\SHELL32.dll
0x00007ffcb7c50000 - 0x00007ffcb83eb000 	C:\Windows\SYSTEM32\windows.storage.dll
0x00007ffcbb8c0000 - 0x00007ffcbbc14000 	C:\Windows\System32\combase.dll
0x00007ffcb95b0000 - 0x00007ffcb95dd000 	C:\Windows\SYSTEM32\Wldp.dll
0x00007ffcba9e0000 - 0x00007ffcbaa8d000 	C:\Windows\System32\SHCORE.dll
0x00007ffcbaac0000 - 0x00007ffcbab15000 	C:\Windows\System32\shlwapi.dll
0x00007ffcb9aa0000 - 0x00007ffcb9ac5000 	C:\Windows\SYSTEM32\profapi.dll

dbghelp: loaded successfully - version: 4.0.5 - missing functions: none
symbol engine: initialized successfully - sym options: 0x614 - pdb path: .;D:\java_pg\eclipse-jee-2021-12-R-win32-x86_64\eclipse\plugins\org.eclipse.justj.openjdk.hotspot.jre.full.win32.x86_64_17.0.1.v20211116-1657\jre\bin;C:\Windows\SYSTEM32;C:\Windows\WinSxS\amd64_microsoft.windows.common-controls_6595b64144ccf1df_6.0.19041.3636_none_60b6a03d71f818d5;D:\java_pg\eclipse-jee-2021-12-R-win32-x86_64\eclipse\plugins\org.eclipse.justj.openjdk.hotspot.jre.full.win32.x86_64_17.0.1.v20211116-1657\jre\bin\server

VM Arguments:
jvm_args: -Dfile.encoding=x-windows-949 -Dstdout.encoding=x-windows-949 -Dstderr.encoding=x-windows-949 -XX:+ShowCodeDetailsInExceptionMessages 
java_command: miniProject.TheaterApp
java_class_path (initial): D:\git\java_master\hgjava\bin;D:\lombok-1.18.30.jar;D:\ojdbc6_g.jar
Launcher Type: SUN_STANDARD

[Global flags]
     intx CICompilerCount                          = 12                                        {product} {ergonomic}
     uint ConcGCThreads                            = 3                                         {product} {ergonomic}
     uint G1ConcRefinementThreads                  = 13                                        {product} {ergonomic}
   size_t G1HeapRegionSize                         = 2097152                                   {product} {ergonomic}
    uintx GCDrainStackTargetSize                   = 64                                        {product} {ergonomic}
   size_t InitialHeapSize                          = 266338304                                 {product} {ergonomic}
   size_t MarkStackSize                            = 4194304                                   {product} {ergonomic}
   size_t MaxHeapSize                              = 4250927104                                {product} {ergonomic}
   size_t MaxNewSize                               = 2550136832                                {product} {ergonomic}
   size_t MinHeapDeltaBytes                        = 2097152                                   {product} {ergonomic}
   size_t MinHeapSize                              = 8388608                                   {product} {ergonomic}
    uintx NonNMethodCodeHeapSize                   = 7602480                                {pd product} {ergonomic}
    uintx NonProfiledCodeHeapSize                  = 122027880                              {pd product} {ergonomic}
    uintx ProfiledCodeHeapSize                     = 122027880                              {pd product} {ergonomic}
    uintx ReservedCodeCacheSize                    = 251658240                              {pd product} {ergonomic}
     bool SegmentedCodeCache                       = true                                      {product} {ergonomic}
     bool ShowCodeDetailsInExceptionMessages       = true                                   {manageable} {command line}
   size_t SoftMaxHeapSize                          = 4250927104                             {manageable} {ergonomic}
     bool UseCompressedClassPointers               = true                           {product lp64_product} {ergonomic}
     bool UseCompressedOops                        = true                           {product lp64_product} {ergonomic}
     bool UseG1GC                                  = true                                      {product} {ergonomic}
     bool UseLargePagesIndividualAllocation        = false                                  {pd product} {ergonomic}

Logging:
Log output configuration:
 #0: stdout all=warning uptime,level,tags
 #1: stderr all=off uptime,level,tags

Environment Variables:
JAVA_HOME=C:\Program Files\Java\jdk-11
PATH=D:/Dev/eclipse//plugins/org.eclipse.justj.openjdk.hotspot.jre.full.win32.x86_64_17.0.8.v20230831-1047/jre/bin/server;D:/Dev/eclipse//plugins/org.eclipse.justj.openjdk.hotspot.jre.full.win32.x86_64_17.0.8.v20230831-1047/jre/bin;C:\Program Files (x86)\Common Files\Oracle\Java\javapath;C:\oraclexe\app\oracle\product\11.2.0\server\bin;;C:\Program Files\Java\jdk-11\bin;C:\Program Files\Common Files\Oracle\Java\javapath;C:\Windows\system32;C:\Windows;C:\Windows\System32\Wbem;C:\Windows\System32\WindowsPowerShell\v1.0\;C:\Windows\System32\OpenSSH\;C:\Users\admin\AppData\Local\Microsoft\WindowsApps;;C:\Users\admin\AppData\Local\Programs\Microsoft VS Code\bin;D:\Dev\eclipse;
USERNAME=admin
OS=Windows_NT
PROCESSOR_IDENTIFIER=Intel64 Family 6 Model 167 Stepping 1, GenuineIntel



---------------  S Y S T E M  ---------------

OS:
 Windows 10 , 64 bit Build 19041 (10.0.19041.3636)
OS uptime: 1 days 1:20 hours

CPU: total 16 (initial active 16) (8 cores per cpu, 2 threads per core) family 6 model 167 stepping 1 microcode 0x3c, cx8, cmov, fxsr, ht, mmx, 3dnowpref, sse, sse2, sse3, ssse3, sse4.1, sse4.2, popcnt, lzcnt, tsc, tscinvbit, avx, avx2, aes, erms, clmul, bmi1, bmi2, adx, avx512f, avx512dq, avx512cd, avx512bw, avx512vl, sha, fma, vzeroupper, avx512_vpopcntdq, avx512_vpclmulqdq, avx512_vaes, avx512_vnni, clflush, clflushopt, avx512_vbmi2, avx512_vbmi

Memory: 4k page, system-wide physical 16209M (10310M free)
TotalPageFile size 19537M (AvailPageFile size 10142M)
current process WorkingSet (physical memory assigned to process): 37M, peak: 37M
current process commit charge ("private bytes"): 349M, peak: 349M

vm_info: OpenJDK 64-Bit Server VM (17.0.1+12) for windows-amd64 JRE (17.0.1+12), built on Oct 20 2021 07:42:55 by "" with MS VC++ 16.7 (VS2019)

END.
