#
# A fatal error has been detected by the Java Runtime Environment:
#
#  EXCEPTION_ACCESS_VIOLATION (0xc0000005) at pc=0x00007ffc98b8363b, pid=2728, tid=1652
#
# JRE version: OpenJDK Runtime Environment Temurin-17.0.1+12 (17.0.1+12) (build 17.0.1+12)
# Java VM: OpenJDK 64-Bit Server VM Temurin-17.0.1+12 (17.0.1+12, mixed mode, tiered, compressed oops, compressed class ptrs, g1 gc, windows-amd64)
# Problematic frame:
# V  [jvm.dll+0x65363b]
#
# No core dump will be written. Minidumps are not enabled by default on client versions of Windows
#
# If you would like to submit a bug report, please visit:
#   https://github.com/adoptium/adoptium-support/issues
#

---------------  S U M M A R Y ------------

Command Line: -Dfile.encoding=x-windows-949 -Dstdout.encoding=x-windows-949 -Dstderr.encoding=x-windows-949 -XX:+ShowCodeDetailsInExceptionMessages miniProject.TheaterApp

Host: 11th Gen Intel(R) Core(TM) i7-11700 @ 2.50GHz, 16 cores, 15G,  Windows 10 , 64 bit Build 19041 (10.0.19041.3636)
Time: Fri Dec 15 10:10:57 2023  Windows 10 , 64 bit Build 19041 (10.0.19041.3636) elapsed time: 5.229615 seconds (0d 0h 0m 5s)

---------------  T H R E A D  ---------------

Current thread (0x00000266811ce920):  JavaThread "C2 CompilerThread1" daemon [_thread_in_native, id=1652, stack(0x000000ee28000000,0x000000ee28100000)]


Current CompileTask:
C2:   5229 1281   !   4       miniProject.TheaterApp::main (354 bytes)

Stack: [0x000000ee28000000,0x000000ee28100000],  sp=0x000000ee280fa6d0,  free space=1001k
Native frames: (J=compiled Java code, j=interpreted, Vv=VM code, C=native code)
V  [jvm.dll+0x65363b]
V  [jvm.dll+0x569e2c]
V  [jvm.dll+0x57de70]
V  [jvm.dll+0x57dd44]
V  [jvm.dll+0x57f5f5]
V  [jvm.dll+0x57bce9]
V  [jvm.dll+0x22022d]
V  [jvm.dll+0x2199e1]
V  [jvm.dll+0x217345]
V  [jvm.dll+0x1a355d]
V  [jvm.dll+0x226e38]
V  [jvm.dll+0x224f7c]
V  [jvm.dll+0x7e3f5b]
V  [jvm.dll+0x7de51a]
V  [jvm.dll+0x673305]
C  [ucrtbase.dll+0x21bb2]
C  [KERNEL32.DLL+0x17344]
C  [ntdll.dll+0x526b1]


siginfo: EXCEPTION_ACCESS_VIOLATION (0xc0000005), reading address 0x0000000000000020


Register to memory mapping:

RIP=0x00007ffc98b8363b jvm.dll
RAX=0x0 is NULL
RBX=0x0 is NULL
RCX=0x0 is NULL
RDX=0x0 is NULL
RSP=0x000000ee280fa6d0 is pointing into the stack for thread: 0x00000266811ce920
RBP=0x0 is NULL
RSI=0x0 is NULL
RDI=0x0000026681567068 points into unknown readable memory: 0x00007ffc98e41960 | 60 19 e4 98 fc 7f 00 00
R8 =0x0000026681567068 points into unknown readable memory: 0x00007ffc98e41960 | 60 19 e4 98 fc 7f 00 00
R9 =0x00000266815670b8 points into unknown readable memory: 0x00000266815670d0 | d0 70 56 81 66 02 00 00
R10=0xfefefefefefefeff is an unknown value
R11=0x8080808080808080 is an unknown value
R12=0x0000000000000001 is an unknown value
R13=0x0000026681567c80 points into unknown readable memory: 0x00007ffc98e56a08 | 08 6a e5 98 fc 7f 00 00
R14=0x000000ee280fabb0 is pointing into the stack for thread: 0x00000266811ce920
R15=0x0 is NULL


Registers:
RAX=0x0000000000000000, RBX=0x0000000000000000, RCX=0x0000000000000000, RDX=0x0000000000000000
RSP=0x000000ee280fa6d0, RBP=0x0000000000000000, RSI=0x0000000000000000, RDI=0x0000026681567068
R8 =0x0000026681567068, R9 =0x00000266815670b8, R10=0xfefefefefefefeff, R11=0x8080808080808080
R12=0x0000000000000001, R13=0x0000026681567c80, R14=0x000000ee280fabb0, R15=0x0000000000000000
RIP=0x00007ffc98b8363b, EFLAGS=0x0000000000010246

Top of Stack: (sp=0x000000ee280fa6d0)
0x000000ee280fa6d0:   0000026681568e48 00007ffc98d4780e
0x000000ee280fa6e0:   0000026681567c80 00007ffc98b720d7
0x000000ee280fa6f0:   0000026681567068 00007ffc98a99e2c
0x000000ee280fa700:   000000ee280fa7d0 0000026681566ff8
0x000000ee280fa710:   000000ee280fa7d0 00007ffc98a99ccc
0x000000ee280fa720:   0000000000000000 0000000000030300
0x000000ee280fa730:   00000266e0d34fd0 0000026681568230
0x000000ee280fa740:   0000026681721170 00007ffc98aade70
0x000000ee280fa750:   000000ee280fabb0 000000ee280fa7d0
0x000000ee280fa760:   000000ee280fabb0 0000026681568230
0x000000ee280fa770:   000000ee280fa7d0 00007ffc98aadd44
0x000000ee280fa780:   0000000000000001 0000026681721250
0x000000ee280fa790:   000000ee280fabb0 0000000000000002
0x000000ee280fa7a0:   00000266811f7068 00007ffc98aaf5f5
0x000000ee280fa7b0:   0000000000000001 0000000000000000
0x000000ee280fa7c0:   000000ee280fa930 00000266822b41b8 

Instructions: (pc=0x00007ffc98b8363b)
0x00007ffc98b8353b:   f8 75 f6 ff c9 41 89 4a 20 48 8b 14 ca 48 89 10
0x00007ffc98b8354b:   41 8b d3 49 8b c9 e9 aa d8 ff ff c3 cc cc cc cc
0x00007ffc98b8355b:   cc cc cc cc cc 48 89 5c 24 08 57 48 83 ec 20 65
0x00007ffc98b8356b:   48 8b 04 25 58 00 00 00 48 8b d9 8b 15 bc 4b 55
0x00007ffc98b8357b:   00 48 8b 3c d0 b8 48 00 00 00 80 3c 38 00 75 05
0x00007ffc98b8358b:   e8 4c 61 23 00 b8 18 00 00 00 48 8b 04 38 48 8b
0x00007ffc98b8359b:   88 d0 04 00 00 48 8b 81 80 00 00 00 48 3b 98 d0
0x00007ffc98b835ab:   02 00 00 75 15 33 c0 48 89 43 20 48 89 43 10 48
0x00007ffc98b835bb:   8b 5c 24 30 48 83 c4 20 5f c3 48 83 7b 10 00 75
0x00007ffc98b835cb:   08 48 c7 43 10 ff ff ff ff 48 8b 5c 24 30 48 83
0x00007ffc98b835db:   c4 20 5f c3 cc 8b 41 2c 83 e0 1f 3c 14 75 2d 66
0x00007ffc98b835eb:   0f 1f 44 00 00 83 79 18 02 75 21 8b 41 2c 83 e0
0x00007ffc98b835fb:   1f 3c 14 75 17 84 d2 74 06 83 79 40 00 75 0d 48
0x00007ffc98b8360b:   8b 41 08 48 8b 48 08 48 85 c9 75 d9 48 8b c1 c3
0x00007ffc98b8361b:   cc cc cc cc cc 48 89 5c 24 08 48 89 6c 24 10 48
0x00007ffc98b8362b:   89 74 24 18 57 48 83 ec 20 33 ed 48 8b f1 8b dd
0x00007ffc98b8363b:   39 59 20 76 2b 48 8b 46 10 8b d3 48 8b 3c d0 48
0x00007ffc98b8364b:   8b cf 48 8b 07 ff 50 10 84 c0 74 0d 48 3b fe 74
0x00007ffc98b8365b:   08 48 85 ed 75 22 48 8b ef ff c3 3b 5e 20 72 d5
0x00007ffc98b8366b:   48 8b c5 48 8b 5c 24 30 48 8b 6c 24 38 48 8b 74
0x00007ffc98b8367b:   24 40 48 83 c4 20 5f c3 33 c0 eb e7 cc cc cc cc
0x00007ffc98b8368b:   cc cc cc cc cc 44 8b 49 18 33 c0 45 85 c9 74 25
0x00007ffc98b8369b:   4c 8b 51 10 90 44 8b c0 49 39 14 c2 74 08 ff c0
0x00007ffc98b836ab:   41 3b c1 72 f0 c3 41 8d 41 ff 89 41 18 49 8b 0c
0x00007ffc98b836bb:   c2 4b 89 0c c2 c3 cc cc cc cc cc cc cc cc cc cc
0x00007ffc98b836cb:   cc cc cc cc cc b8 02 00 00 00 f0 0f c1 05 2b ad
0x00007ffc98b836db:   52 00 83 c0 02 89 01 48 8b 05 17 ad 52 00 48 89
0x00007ffc98b836eb:   41 08 48 8b c1 c3 cc cc cc cc cc cc cc cc cc cc
0x00007ffc98b836fb:   cc cc cc cc cc 40 53 48 83 ec 20 48 8b d9 e8 92
0x00007ffc98b8370b:   a1 18 00 33 c9 c7 83 90 02 00 00 ff ff ff ff 48
0x00007ffc98b8371b:   8d 05 97 ce 34 00 48 89 8b 80 02 00 00 48 89 03
0x00007ffc98b8372b:   48 8d 05 6e cf 34 00 48 89 03 48 8b c3 48 89 8b 


Stack slot to memory mapping:
stack at sp + 0 slots: 0x0000026681568e48 points into unknown readable memory: 0x00007ffc98e8aff8 | f8 af e8 98 fc 7f 00 00
stack at sp + 1 slots: 0x00007ffc98d4780e jvm.dll
stack at sp + 2 slots: 0x0000026681567c80 points into unknown readable memory: 0x00007ffc98e56a08 | 08 6a e5 98 fc 7f 00 00
stack at sp + 3 slots: 0x00007ffc98b720d7 jvm.dll
stack at sp + 4 slots: 0x0000026681567068 points into unknown readable memory: 0x00007ffc98e41960 | 60 19 e4 98 fc 7f 00 00
stack at sp + 5 slots: 0x00007ffc98a99e2c jvm.dll
stack at sp + 6 slots: 0x000000ee280fa7d0 is pointing into the stack for thread: 0x00000266811ce920
stack at sp + 7 slots: 0x0000026681566ff8 points into unknown readable memory: 0x00007ffc98e417b8 | b8 17 e4 98 fc 7f 00 00


---------------  P R O C E S S  ---------------

Threads class SMR info:
_java_thread_list=0x0000026682125d80, length=18, elements={
0x00000266e0d1d970, 0x0000026680c48250, 0x0000026680c120f0, 0x0000026680c6c440,
0x0000026680c6df10, 0x0000026680c93810, 0x0000026680c946e0, 0x0000026680c952d0,
0x0000026680c95bd0, 0x0000026680c9f220, 0x0000026680e3e3f0, 0x0000026680e58010,
0x0000026680e0aee0, 0x00000266811ce920, 0x000002668127bff0, 0x0000026680fb1fd0,
0x0000026682124ff0, 0x000002668235f5a0
}

Java Threads: ( => current thread )
  0x00000266e0d1d970 JavaThread "main" [_thread_in_Java, id=1172, stack(0x000000ee26f00000,0x000000ee27000000)]
  0x0000026680c48250 JavaThread "Reference Handler" daemon [_thread_blocked, id=5924, stack(0x000000ee27600000,0x000000ee27700000)]
  0x0000026680c120f0 JavaThread "Finalizer" daemon [_thread_blocked, id=12612, stack(0x000000ee27700000,0x000000ee27800000)]
  0x0000026680c6c440 JavaThread "Signal Dispatcher" daemon [_thread_blocked, id=5200, stack(0x000000ee27800000,0x000000ee27900000)]
  0x0000026680c6df10 JavaThread "Attach Listener" daemon [_thread_blocked, id=12848, stack(0x000000ee27900000,0x000000ee27a00000)]
  0x0000026680c93810 JavaThread "Service Thread" daemon [_thread_blocked, id=8680, stack(0x000000ee27a00000,0x000000ee27b00000)]
  0x0000026680c946e0 JavaThread "Monitor Deflation Thread" daemon [_thread_blocked, id=9240, stack(0x000000ee27b00000,0x000000ee27c00000)]
  0x0000026680c952d0 JavaThread "C2 CompilerThread0" daemon [_thread_blocked, id=7764, stack(0x000000ee27c00000,0x000000ee27d00000)]
  0x0000026680c95bd0 JavaThread "C1 CompilerThread0" daemon [_thread_blocked, id=2436, stack(0x000000ee27d00000,0x000000ee27e00000)]
  0x0000026680c9f220 JavaThread "Sweeper thread" daemon [_thread_blocked, id=15016, stack(0x000000ee27e00000,0x000000ee27f00000)]
  0x0000026680e3e3f0 JavaThread "Notification Thread" daemon [_thread_blocked, id=8720, stack(0x000000ee28100000,0x000000ee28200000)]
  0x0000026680e58010 JavaThread "Common-Cleaner" daemon [_thread_blocked, id=1832, stack(0x000000ee28300000,0x000000ee28400000)]
  0x0000026680e0aee0 JavaThread "C1 CompilerThread1" daemon [_thread_blocked, id=4540, stack(0x000000ee27f00000,0x000000ee28000000)]
=>0x00000266811ce920 JavaThread "C2 CompilerThread1" daemon [_thread_in_native, id=1652, stack(0x000000ee28000000,0x000000ee28100000)]
  0x000002668127bff0 JavaThread "C2 CompilerThread2" daemon [_thread_blocked, id=4508, stack(0x000000ee28400000,0x000000ee28500000)]
  0x0000026680fb1fd0 JavaThread "C2 CompilerThread3" daemon [_thread_blocked, id=1568, stack(0x000000ee28500000,0x000000ee28600000)]
  0x0000026682124ff0 JavaThread "C1 CompilerThread2" daemon [_thread_blocked, id=13808, stack(0x000000ee28e00000,0x000000ee28f00000)]
  0x000002668235f5a0 JavaThread "C1 CompilerThread3" daemon [_thread_blocked, id=928, stack(0x000000ee28f00000,0x000000ee29000000)]

Other Threads:
  0x000002668030e6b0 VMThread "VM Thread" [stack: 0x000000ee27500000,0x000000ee27600000] [id=5980]
  0x00000266e0d9f180 WatcherThread [stack: 0x000000ee28200000,0x000000ee28300000] [id=2668]
  0x00000266e0d6fcc0 GCTaskThread "GC Thread#0" [stack: 0x000000ee27000000,0x000000ee27100000] [id=11900]
  0x0000026681581120 GCTaskThread "GC Thread#1" [stack: 0x000000ee28700000,0x000000ee28800000] [id=8304]
  0x00000266820d6490 GCTaskThread "GC Thread#2" [stack: 0x000000ee28800000,0x000000ee28900000] [id=3852]
  0x0000026682251070 GCTaskThread "GC Thread#3" [stack: 0x000000ee28900000,0x000000ee28a00000] [id=5076]
  0x0000026682240f40 GCTaskThread "GC Thread#4" [stack: 0x000000ee28a00000,0x000000ee28b00000] [id=15300]
  0x0000026682241810 GCTaskThread "GC Thread#5" [stack: 0x000000ee28b00000,0x000000ee28c00000] [id=12684]
  0x00000266820a3cc0 GCTaskThread "GC Thread#6" [stack: 0x000000ee28c00000,0x000000ee28d00000] [id=13948]
  0x00000266816c7ad0 GCTaskThread "GC Thread#7" [stack: 0x000000ee28d00000,0x000000ee28e00000] [id=14668]
  0x00000266e0d81c70 ConcurrentGCThread "G1 Main Marker" [stack: 0x000000ee27100000,0x000000ee27200000] [id=1176]
  0x00000266e0d82590 ConcurrentGCThread "G1 Conc#0" [stack: 0x000000ee27200000,0x000000ee27300000] [id=13984]
  0x00000266e0ded8c0 ConcurrentGCThread "G1 Refine#0" [stack: 0x000000ee27300000,0x000000ee27400000] [id=5680]
  0x00000266e0dee1f0 ConcurrentGCThread "G1 Service" [stack: 0x000000ee27400000,0x000000ee27500000] [id=9188]

Threads with active compile tasks:
C2 CompilerThread1     5241 1281   !   4       miniProject.TheaterApp::main (354 bytes)

VM state: not at safepoint (normal execution)

VM Mutex/Monitor currently owned by a thread: None

Heap address: 0x0000000702a00000, size: 4054 MB, Compressed Oops mode: Zero based, Oop shift amount: 3

CDS archive(s) not mapped
Compressed class space mapped at: 0x0000000800000000-0x0000000840000000, reserved size: 1073741824
Narrow klass base: 0x0000000800000000, Narrow klass shift: 0, Narrow klass range: 0x40000000

GC Precious Log:
 CPUs: 16 total, 16 available
 Memory: 16209M
 Large Page Support: Disabled
 NUMA Support: Disabled
 Compressed Oops: Enabled (Zero based)
 Heap Region Size: 2M
 Heap Min Capacity: 8M
 Heap Initial Capacity: 254M
 Heap Max Capacity: 4054M
 Pre-touch: Disabled
 Parallel Workers: 13
 Concurrent Workers: 3
 Concurrent Refinement Workers: 13
 Periodic GC: Disabled

Heap:
 garbage-first heap   total 260096K, used 9243K [0x0000000702a00000, 0x0000000800000000)
  region size 2048K, 6 young (12288K), 2 survivors (4096K)
 Metaspace       used 21166K, committed 21376K, reserved 1073152K
  class space    used 1745K, committed 1856K, reserved 1048576K

Heap Regions: E=young(eden), S=young(survivor), O=old, HS=humongous(starts), HC=humongous(continues), CS=collection set, F=free, OA=open archive, CA=closed archive, TAMS=top-at-mark-start (previous, next)
|   0|0x0000000702a00000, 0x0000000702a00000, 0x0000000702c00000|  0%| F|  |TAMS 0x0000000702a00000, 0x0000000702a00000| Untracked 
|   1|0x0000000702c00000, 0x0000000702c00000, 0x0000000702e00000|  0%| F|  |TAMS 0x0000000702c00000, 0x0000000702c00000| Untracked 
|   2|0x0000000702e00000, 0x0000000702e00000, 0x0000000703000000|  0%| F|  |TAMS 0x0000000702e00000, 0x0000000702e00000| Untracked 
|   3|0x0000000703000000, 0x0000000703000000, 0x0000000703200000|  0%| F|  |TAMS 0x0000000703000000, 0x0000000703000000| Untracked 
|   4|0x0000000703200000, 0x0000000703200000, 0x0000000703400000|  0%| F|  |TAMS 0x0000000703200000, 0x0000000703200000| Untracked 
|   5|0x0000000703400000, 0x0000000703400000, 0x0000000703600000|  0%| F|  |TAMS 0x0000000703400000, 0x0000000703400000| Untracked 
|   6|0x0000000703600000, 0x0000000703600000, 0x0000000703800000|  0%| F|  |TAMS 0x0000000703600000, 0x0000000703600000| Untracked 
|   7|0x0000000703800000, 0x0000000703800000, 0x0000000703a00000|  0%| F|  |TAMS 0x0000000703800000, 0x0000000703800000| Untracked 
|   8|0x0000000703a00000, 0x0000000703a00000, 0x0000000703c00000|  0%| F|  |TAMS 0x0000000703a00000, 0x0000000703a00000| Untracked 
|   9|0x0000000703c00000, 0x0000000703c00000, 0x0000000703e00000|  0%| F|  |TAMS 0x0000000703c00000, 0x0000000703c00000| Untracked 
|  10|0x0000000703e00000, 0x0000000703e00000, 0x0000000704000000|  0%| F|  |TAMS 0x0000000703e00000, 0x0000000703e00000| Untracked 
|  11|0x0000000704000000, 0x0000000704000000, 0x0000000704200000|  0%| F|  |TAMS 0x0000000704000000, 0x0000000704000000| Untracked 
|  12|0x0000000704200000, 0x0000000704200000, 0x0000000704400000|  0%| F|  |TAMS 0x0000000704200000, 0x0000000704200000| Untracked 
|  13|0x0000000704400000, 0x0000000704400000, 0x0000000704600000|  0%| F|  |TAMS 0x0000000704400000, 0x0000000704400000| Untracked 
|  14|0x0000000704600000, 0x0000000704600000, 0x0000000704800000|  0%| F|  |TAMS 0x0000000704600000, 0x0000000704600000| Untracked 
|  15|0x0000000704800000, 0x0000000704800000, 0x0000000704a00000|  0%| F|  |TAMS 0x0000000704800000, 0x0000000704800000| Untracked 
|  16|0x0000000704a00000, 0x0000000704a00000, 0x0000000704c00000|  0%| F|  |TAMS 0x0000000704a00000, 0x0000000704a00000| Untracked 
|  17|0x0000000704c00000, 0x0000000704c00000, 0x0000000704e00000|  0%| F|  |TAMS 0x0000000704c00000, 0x0000000704c00000| Untracked 
|  18|0x0000000704e00000, 0x0000000704e00000, 0x0000000705000000|  0%| F|  |TAMS 0x0000000704e00000, 0x0000000704e00000| Untracked 
|  19|0x0000000705000000, 0x0000000705000000, 0x0000000705200000|  0%| F|  |TAMS 0x0000000705000000, 0x0000000705000000| Untracked 
|  20|0x0000000705200000, 0x0000000705200000, 0x0000000705400000|  0%| F|  |TAMS 0x0000000705200000, 0x0000000705200000| Untracked 
|  21|0x0000000705400000, 0x0000000705400000, 0x0000000705600000|  0%| F|  |TAMS 0x0000000705400000, 0x0000000705400000| Untracked 
|  22|0x0000000705600000, 0x0000000705600000, 0x0000000705800000|  0%| F|  |TAMS 0x0000000705600000, 0x0000000705600000| Untracked 
|  23|0x0000000705800000, 0x0000000705800000, 0x0000000705a00000|  0%| F|  |TAMS 0x0000000705800000, 0x0000000705800000| Untracked 
|  24|0x0000000705a00000, 0x0000000705a00000, 0x0000000705c00000|  0%| F|  |TAMS 0x0000000705a00000, 0x0000000705a00000| Untracked 
|  25|0x0000000705c00000, 0x0000000705c00000, 0x0000000705e00000|  0%| F|  |TAMS 0x0000000705c00000, 0x0000000705c00000| Untracked 
|  26|0x0000000705e00000, 0x0000000705e00000, 0x0000000706000000|  0%| F|  |TAMS 0x0000000705e00000, 0x0000000705e00000| Untracked 
|  27|0x0000000706000000, 0x0000000706000000, 0x0000000706200000|  0%| F|  |TAMS 0x0000000706000000, 0x0000000706000000| Untracked 
|  28|0x0000000706200000, 0x0000000706200000, 0x0000000706400000|  0%| F|  |TAMS 0x0000000706200000, 0x0000000706200000| Untracked 
|  29|0x0000000706400000, 0x0000000706400000, 0x0000000706600000|  0%| F|  |TAMS 0x0000000706400000, 0x0000000706400000| Untracked 
|  30|0x0000000706600000, 0x0000000706600000, 0x0000000706800000|  0%| F|  |TAMS 0x0000000706600000, 0x0000000706600000| Untracked 
|  31|0x0000000706800000, 0x0000000706800000, 0x0000000706a00000|  0%| F|  |TAMS 0x0000000706800000, 0x0000000706800000| Untracked 
|  32|0x0000000706a00000, 0x0000000706a00000, 0x0000000706c00000|  0%| F|  |TAMS 0x0000000706a00000, 0x0000000706a00000| Untracked 
|  33|0x0000000706c00000, 0x0000000706c00000, 0x0000000706e00000|  0%| F|  |TAMS 0x0000000706c00000, 0x0000000706c00000| Untracked 
|  34|0x0000000706e00000, 0x0000000706e00000, 0x0000000707000000|  0%| F|  |TAMS 0x0000000706e00000, 0x0000000706e00000| Untracked 
|  35|0x0000000707000000, 0x0000000707000000, 0x0000000707200000|  0%| F|  |TAMS 0x0000000707000000, 0x0000000707000000| Untracked 
|  36|0x0000000707200000, 0x0000000707200000, 0x0000000707400000|  0%| F|  |TAMS 0x0000000707200000, 0x0000000707200000| Untracked 
|  37|0x0000000707400000, 0x0000000707400000, 0x0000000707600000|  0%| F|  |TAMS 0x0000000707400000, 0x0000000707400000| Untracked 
|  38|0x0000000707600000, 0x0000000707600000, 0x0000000707800000|  0%| F|  |TAMS 0x0000000707600000, 0x0000000707600000| Untracked 
|  39|0x0000000707800000, 0x0000000707800000, 0x0000000707a00000|  0%| F|  |TAMS 0x0000000707800000, 0x0000000707800000| Untracked 
|  40|0x0000000707a00000, 0x0000000707a00000, 0x0000000707c00000|  0%| F|  |TAMS 0x0000000707a00000, 0x0000000707a00000| Untracked 
|  41|0x0000000707c00000, 0x0000000707c00000, 0x0000000707e00000|  0%| F|  |TAMS 0x0000000707c00000, 0x0000000707c00000| Untracked 
|  42|0x0000000707e00000, 0x0000000707e00000, 0x0000000708000000|  0%| F|  |TAMS 0x0000000707e00000, 0x0000000707e00000| Untracked 
|  43|0x0000000708000000, 0x0000000708000000, 0x0000000708200000|  0%| F|  |TAMS 0x0000000708000000, 0x0000000708000000| Untracked 
|  44|0x0000000708200000, 0x0000000708200000, 0x0000000708400000|  0%| F|  |TAMS 0x0000000708200000, 0x0000000708200000| Untracked 
|  45|0x0000000708400000, 0x0000000708400000, 0x0000000708600000|  0%| F|  |TAMS 0x0000000708400000, 0x0000000708400000| Untracked 
|  46|0x0000000708600000, 0x0000000708600000, 0x0000000708800000|  0%| F|  |TAMS 0x0000000708600000, 0x0000000708600000| Untracked 
|  47|0x0000000708800000, 0x0000000708800000, 0x0000000708a00000|  0%| F|  |TAMS 0x0000000708800000, 0x0000000708800000| Untracked 
|  48|0x0000000708a00000, 0x0000000708a00000, 0x0000000708c00000|  0%| F|  |TAMS 0x0000000708a00000, 0x0000000708a00000| Untracked 
|  49|0x0000000708c00000, 0x0000000708c00000, 0x0000000708e00000|  0%| F|  |TAMS 0x0000000708c00000, 0x0000000708c00000| Untracked 
|  50|0x0000000708e00000, 0x0000000708e00000, 0x0000000709000000|  0%| F|  |TAMS 0x0000000708e00000, 0x0000000708e00000| Untracked 
|  51|0x0000000709000000, 0x0000000709000000, 0x0000000709200000|  0%| F|  |TAMS 0x0000000709000000, 0x0000000709000000| Untracked 
|  52|0x0000000709200000, 0x0000000709200000, 0x0000000709400000|  0%| F|  |TAMS 0x0000000709200000, 0x0000000709200000| Untracked 
|  53|0x0000000709400000, 0x0000000709400000, 0x0000000709600000|  0%| F|  |TAMS 0x0000000709400000, 0x0000000709400000| Untracked 
|  54|0x0000000709600000, 0x0000000709600000, 0x0000000709800000|  0%| F|  |TAMS 0x0000000709600000, 0x0000000709600000| Untracked 
|  55|0x0000000709800000, 0x0000000709800000, 0x0000000709a00000|  0%| F|  |TAMS 0x0000000709800000, 0x0000000709800000| Untracked 
|  56|0x0000000709a00000, 0x0000000709a00000, 0x0000000709c00000|  0%| F|  |TAMS 0x0000000709a00000, 0x0000000709a00000| Untracked 
|  57|0x0000000709c00000, 0x0000000709c00000, 0x0000000709e00000|  0%| F|  |TAMS 0x0000000709c00000, 0x0000000709c00000| Untracked 
|  58|0x0000000709e00000, 0x0000000709e00000, 0x000000070a000000|  0%| F|  |TAMS 0x0000000709e00000, 0x0000000709e00000| Untracked 
|  59|0x000000070a000000, 0x000000070a000000, 0x000000070a200000|  0%| F|  |TAMS 0x000000070a000000, 0x000000070a000000| Untracked 
|  60|0x000000070a200000, 0x000000070a200000, 0x000000070a400000|  0%| F|  |TAMS 0x000000070a200000, 0x000000070a200000| Untracked 
|  61|0x000000070a400000, 0x000000070a400000, 0x000000070a600000|  0%| F|  |TAMS 0x000000070a400000, 0x000000070a400000| Untracked 
|  62|0x000000070a600000, 0x000000070a600000, 0x000000070a800000|  0%| F|  |TAMS 0x000000070a600000, 0x000000070a600000| Untracked 
|  63|0x000000070a800000, 0x000000070a800000, 0x000000070aa00000|  0%| F|  |TAMS 0x000000070a800000, 0x000000070a800000| Untracked 
|  64|0x000000070aa00000, 0x000000070aa00000, 0x000000070ac00000|  0%| F|  |TAMS 0x000000070aa00000, 0x000000070aa00000| Untracked 
|  65|0x000000070ac00000, 0x000000070ac00000, 0x000000070ae00000|  0%| F|  |TAMS 0x000000070ac00000, 0x000000070ac00000| Untracked 
|  66|0x000000070ae00000, 0x000000070ae00000, 0x000000070b000000|  0%| F|  |TAMS 0x000000070ae00000, 0x000000070ae00000| Untracked 
|  67|0x000000070b000000, 0x000000070b000000, 0x000000070b200000|  0%| F|  |TAMS 0x000000070b000000, 0x000000070b000000| Untracked 
|  68|0x000000070b200000, 0x000000070b200000, 0x000000070b400000|  0%| F|  |TAMS 0x000000070b200000, 0x000000070b200000| Untracked 
|  69|0x000000070b400000, 0x000000070b400000, 0x000000070b600000|  0%| F|  |TAMS 0x000000070b400000, 0x000000070b400000| Untracked 
|  70|0x000000070b600000, 0x000000070b600000, 0x000000070b800000|  0%| F|  |TAMS 0x000000070b600000, 0x000000070b600000| Untracked 
|  71|0x000000070b800000, 0x000000070b800000, 0x000000070ba00000|  0%| F|  |TAMS 0x000000070b800000, 0x000000070b800000| Untracked 
|  72|0x000000070ba00000, 0x000000070ba00000, 0x000000070bc00000|  0%| F|  |TAMS 0x000000070ba00000, 0x000000070ba00000| Untracked 
|  73|0x000000070bc00000, 0x000000070bc00000, 0x000000070be00000|  0%| F|  |TAMS 0x000000070bc00000, 0x000000070bc00000| Untracked 
|  74|0x000000070be00000, 0x000000070be00000, 0x000000070c000000|  0%| F|  |TAMS 0x000000070be00000, 0x000000070be00000| Untracked 
|  75|0x000000070c000000, 0x000000070c000000, 0x000000070c200000|  0%| F|  |TAMS 0x000000070c000000, 0x000000070c000000| Untracked 
|  76|0x000000070c200000, 0x000000070c200000, 0x000000070c400000|  0%| F|  |TAMS 0x000000070c200000, 0x000000070c200000| Untracked 
|  77|0x000000070c400000, 0x000000070c400000, 0x000000070c600000|  0%| F|  |TAMS 0x000000070c400000, 0x000000070c400000| Untracked 
|  78|0x000000070c600000, 0x000000070c600000, 0x000000070c800000|  0%| F|  |TAMS 0x000000070c600000, 0x000000070c600000| Untracked 
|  79|0x000000070c800000, 0x000000070c800000, 0x000000070ca00000|  0%| F|  |TAMS 0x000000070c800000, 0x000000070c800000| Untracked 
|  80|0x000000070ca00000, 0x000000070ca00000, 0x000000070cc00000|  0%| F|  |TAMS 0x000000070ca00000, 0x000000070ca00000| Untracked 
|  81|0x000000070cc00000, 0x000000070cc00000, 0x000000070ce00000|  0%| F|  |TAMS 0x000000070cc00000, 0x000000070cc00000| Untracked 
|  82|0x000000070ce00000, 0x000000070ce00000, 0x000000070d000000|  0%| F|  |TAMS 0x000000070ce00000, 0x000000070ce00000| Untracked 
|  83|0x000000070d000000, 0x000000070d000000, 0x000000070d200000|  0%| F|  |TAMS 0x000000070d000000, 0x000000070d000000| Untracked 
|  84|0x000000070d200000, 0x000000070d200000, 0x000000070d400000|  0%| F|  |TAMS 0x000000070d200000, 0x000000070d200000| Untracked 
|  85|0x000000070d400000, 0x000000070d400000, 0x000000070d600000|  0%| F|  |TAMS 0x000000070d400000, 0x000000070d400000| Untracked 
|  86|0x000000070d600000, 0x000000070d600000, 0x000000070d800000|  0%| F|  |TAMS 0x000000070d600000, 0x000000070d600000| Untracked 
|  87|0x000000070d800000, 0x000000070d800000, 0x000000070da00000|  0%| F|  |TAMS 0x000000070d800000, 0x000000070d800000| Untracked 
|  88|0x000000070da00000, 0x000000070da00000, 0x000000070dc00000|  0%| F|  |TAMS 0x000000070da00000, 0x000000070da00000| Untracked 
|  89|0x000000070dc00000, 0x000000070dc00000, 0x000000070de00000|  0%| F|  |TAMS 0x000000070dc00000, 0x000000070dc00000| Untracked 
|  90|0x000000070de00000, 0x000000070de00000, 0x000000070e000000|  0%| F|  |TAMS 0x000000070de00000, 0x000000070de00000| Untracked 
|  91|0x000000070e000000, 0x000000070e000000, 0x000000070e200000|  0%| F|  |TAMS 0x000000070e000000, 0x000000070e000000| Untracked 
|  92|0x000000070e200000, 0x000000070e200000, 0x000000070e400000|  0%| F|  |TAMS 0x000000070e200000, 0x000000070e200000| Untracked 
|  93|0x000000070e400000, 0x000000070e400000, 0x000000070e600000|  0%| F|  |TAMS 0x000000070e400000, 0x000000070e400000| Untracked 
|  94|0x000000070e600000, 0x000000070e600000, 0x000000070e800000|  0%| F|  |TAMS 0x000000070e600000, 0x000000070e600000| Untracked 
|  95|0x000000070e800000, 0x000000070e800000, 0x000000070ea00000|  0%| F|  |TAMS 0x000000070e800000, 0x000000070e800000| Untracked 
|  96|0x000000070ea00000, 0x000000070ea00000, 0x000000070ec00000|  0%| F|  |TAMS 0x000000070ea00000, 0x000000070ea00000| Untracked 
|  97|0x000000070ec00000, 0x000000070ec00000, 0x000000070ee00000|  0%| F|  |TAMS 0x000000070ec00000, 0x000000070ec00000| Untracked 
|  98|0x000000070ee00000, 0x000000070ee00000, 0x000000070f000000|  0%| F|  |TAMS 0x000000070ee00000, 0x000000070ee00000| Untracked 
|  99|0x000000070f000000, 0x000000070f000000, 0x000000070f200000|  0%| F|  |TAMS 0x000000070f000000, 0x000000070f000000| Untracked 
| 100|0x000000070f200000, 0x000000070f200000, 0x000000070f400000|  0%| F|  |TAMS 0x000000070f200000, 0x000000070f200000| Untracked 
| 101|0x000000070f400000, 0x000000070f400000, 0x000000070f600000|  0%| F|  |TAMS 0x000000070f400000, 0x000000070f400000| Untracked 
| 102|0x000000070f600000, 0x000000070f600000, 0x000000070f800000|  0%| F|  |TAMS 0x000000070f600000, 0x000000070f600000| Untracked 
| 103|0x000000070f800000, 0x000000070f800000, 0x000000070fa00000|  0%| F|  |TAMS 0x000000070f800000, 0x000000070f800000| Untracked 
| 104|0x000000070fa00000, 0x000000070fa00000, 0x000000070fc00000|  0%| F|  |TAMS 0x000000070fa00000, 0x000000070fa00000| Untracked 
| 105|0x000000070fc00000, 0x000000070fc00000, 0x000000070fe00000|  0%| F|  |TAMS 0x000000070fc00000, 0x000000070fc00000| Untracked 
| 106|0x000000070fe00000, 0x000000070fe00000, 0x0000000710000000|  0%| F|  |TAMS 0x000000070fe00000, 0x000000070fe00000| Untracked 
| 107|0x0000000710000000, 0x0000000710000000, 0x0000000710200000|  0%| F|  |TAMS 0x0000000710000000, 0x0000000710000000| Untracked 
| 108|0x0000000710200000, 0x0000000710200000, 0x0000000710400000|  0%| F|  |TAMS 0x0000000710200000, 0x0000000710200000| Untracked 
| 109|0x0000000710400000, 0x0000000710400000, 0x0000000710600000|  0%| F|  |TAMS 0x0000000710400000, 0x0000000710400000| Untracked 
| 110|0x0000000710600000, 0x0000000710600000, 0x0000000710800000|  0%| F|  |TAMS 0x0000000710600000, 0x0000000710600000| Untracked 
| 111|0x0000000710800000, 0x0000000710800000, 0x0000000710a00000|  0%| F|  |TAMS 0x0000000710800000, 0x0000000710800000| Untracked 
| 112|0x0000000710a00000, 0x0000000710a00000, 0x0000000710c00000|  0%| F|  |TAMS 0x0000000710a00000, 0x0000000710a00000| Untracked 
| 113|0x0000000710c00000, 0x0000000710c00000, 0x0000000710e00000|  0%| F|  |TAMS 0x0000000710c00000, 0x0000000710c00000| Untracked 
| 114|0x0000000710e00000, 0x0000000710f06d80, 0x0000000711000000| 51%| S|CS|TAMS 0x0000000710e00000, 0x0000000710e00000| Complete 
| 115|0x0000000711000000, 0x0000000711200000, 0x0000000711200000|100%| S|CS|TAMS 0x0000000711000000, 0x0000000711000000| Complete 
| 116|0x0000000711200000, 0x0000000711200000, 0x0000000711400000|  0%| F|  |TAMS 0x0000000711200000, 0x0000000711200000| Untracked 
| 117|0x0000000711400000, 0x0000000711400000, 0x0000000711600000|  0%| F|  |TAMS 0x0000000711400000, 0x0000000711400000| Untracked 
| 118|0x0000000711600000, 0x0000000711600000, 0x0000000711800000|  0%| F|  |TAMS 0x0000000711600000, 0x0000000711600000| Untracked 
| 119|0x0000000711800000, 0x0000000711800000, 0x0000000711a00000|  0%| F|  |TAMS 0x0000000711800000, 0x0000000711800000| Untracked 
| 120|0x0000000711a00000, 0x0000000711a00000, 0x0000000711c00000|  0%| F|  |TAMS 0x0000000711a00000, 0x0000000711a00000| Untracked 
| 121|0x0000000711c00000, 0x0000000711c00000, 0x0000000711e00000|  0%| F|  |TAMS 0x0000000711c00000, 0x0000000711c00000| Untracked 
| 122|0x0000000711e00000, 0x0000000711e00000, 0x0000000712000000|  0%| F|  |TAMS 0x0000000711e00000, 0x0000000711e00000| Untracked 
| 123|0x0000000712000000, 0x0000000712200000, 0x0000000712200000|100%| E|  |TAMS 0x0000000712000000, 0x0000000712000000| Complete 
| 124|0x0000000712200000, 0x0000000712400000, 0x0000000712400000|100%| E|CS|TAMS 0x0000000712200000, 0x0000000712200000| Complete 
| 125|0x0000000712400000, 0x0000000712600000, 0x0000000712600000|100%| E|CS|TAMS 0x0000000712400000, 0x0000000712400000| Complete 
| 126|0x0000000712600000, 0x0000000712800000, 0x0000000712800000|100%| E|CS|TAMS 0x0000000712600000, 0x0000000712600000| Complete 

Card table byte_map: [0x00000266f4440000,0x00000266f4c30000] _byte_map_base: 0x00000266f0c2b000

Marking Bits (Prev, Next): (CMBitMap*) 0x00000266e0d715f0, (CMBitMap*) 0x00000266e0d71630
 Prev Bits: [0x00000266f5420000, 0x00000266f9378000)
 Next Bits: [0x00000266f9380000, 0x00000266fd2d8000)

Polling page: 0x00000266dec70000

Metaspace:

Usage:
  Non-class:     18.97 MB used.
      Class:      1.70 MB used.
       Both:     20.67 MB used.

Virtual space:
  Non-class space:       24.00 MB reserved,      19.06 MB ( 79%) committed,  3 nodes.
      Class space:        1.00 GB reserved,       1.81 MB ( <1%) committed,  1 nodes.
             Both:        1.02 GB reserved,      20.88 MB (  2%) committed. 

Chunk freelists:
   Non-Class:  64.00 KB
       Class:  2.05 MB
        Both:  2.11 MB

MaxMetaspaceSize: unlimited
CompressedClassSpaceSize: 1.00 GB
Initial GC threshold: 21.00 MB
Current GC threshold: 21.00 MB
CDS: off
MetaspaceReclaimPolicy: balanced
 - commit_granule_bytes: 65536.
 - commit_granule_words: 8192.
 - virtual_space_node_default_size: 1048576.
 - enlarge_chunks_in_place: 1.
 - new_chunks_are_fully_committed: 0.
 - uncommit_free_chunks: 1.
 - use_allocation_guard: 0.
 - handle_deallocations: 1.


Internal statistics:

num_allocs_failed_limit: 0.
num_arena_births: 96.
num_arena_deaths: 0.
num_vsnodes_births: 4.
num_vsnodes_deaths: 0.
num_space_committed: 334.
num_space_uncommitted: 0.
num_chunks_returned_to_freelist: 0.
num_chunks_taken_from_freelist: 420.
num_chunk_merges: 0.
num_chunk_splits: 320.
num_chunks_enlarged: 258.
num_purges: 0.
num_inconsistent_stats: 0.

CodeHeap 'non-profiled nmethods': size=119168Kb used=356Kb max_used=356Kb free=118812Kb
 bounds [0x00000266ebf70000, 0x00000266ec1e0000, 0x00000266f33d0000]
CodeHeap 'profiled nmethods': size=119104Kb used=2413Kb max_used=2413Kb free=116690Kb
 bounds [0x00000266e4b20000, 0x00000266e4d90000, 0x00000266ebf70000]
CodeHeap 'non-nmethods': size=7488Kb used=2897Kb max_used=2912Kb free=4590Kb
 bounds [0x00000266e43d0000, 0x00000266e4720000, 0x00000266e4b20000]
 total_blobs=1782 nmethods=1280 adapters=412
 compilation: enabled
              stopped_count=0, restarted_count=0
 full_count=0

Compilation events (20 events):
Event: 5.204 Thread 0x0000026680c95bd0 1272       3       jdk.internal.loader.BuiltinClassLoader::getAndVerifyPackage (113 bytes)
Event: 5.204 Thread 0x0000026680e0aee0 1273       3       java.security.SecureClassLoader::defineClass (16 bytes)
Event: 5.204 Thread 0x0000026680e0aee0 nmethod 1273 0x00000266e4d71390 code [0x00000266e4d71540, 0x00000266e4d716d8]
Event: 5.205 Thread 0x0000026680c95bd0 nmethod 1272 0x00000266e4d71790 code [0x00000266e4d71b00, 0x00000266e4d72d28]
Event: 5.205 Thread 0x000002668235f5a0 nmethod 1270 0x00000266e4d73390 code [0x00000266e4d73740, 0x00000266e4d75218]
Event: 5.206 Thread 0x0000026680e0aee0 1274       3       jdk.internal.loader.URLClassPath$JarLoader$2::getBytes (48 bytes)
Event: 5.206 Thread 0x0000026682124ff0 1275       3       jdk.internal.loader.URLClassPath$JarLoader$2::getContentLength (9 bytes)
Event: 5.206 Thread 0x000002668235f5a0 1276       3       jdk.internal.loader.URLClassPath$JarLoader$2::getCodeSigners (8 bytes)
Event: 5.206 Thread 0x0000026680c95bd0 1277   !   3       java.util.jar.JarFile$JarFileEntry::getCodeSigners (81 bytes)
Event: 5.206 Thread 0x0000026682124ff0 nmethod 1275 0x00000266e4d75c10 code [0x00000266e4d75da0, 0x00000266e4d75f58]
Event: 5.206 Thread 0x000002668235f5a0 nmethod 1276 0x00000266e4d76010 code [0x00000266e4d761c0, 0x00000266e4d763a8]
Event: 5.206 Thread 0x0000026680e0aee0 nmethod 1274 0x00000266e4d76490 code [0x00000266e4d76680, 0x00000266e4d76dc8]
Event: 5.206 Thread 0x0000026680c95bd0 nmethod 1277 0x00000266e4d77010 code [0x00000266e4d77220, 0x00000266e4d777a8]
Event: 5.219 Thread 0x0000026680c95bd0 1278       3       java.nio.CharBuffer::limit (8 bytes)
Event: 5.219 Thread 0x0000026680c95bd0 nmethod 1278 0x00000266e4d77990 code [0x00000266e4d77b20, 0x00000266e4d77c68]
Event: 5.219 Thread 0x0000026680c95bd0 1279 % !   3       miniProject.TheaterApp::main @ 348 (354 bytes)
Event: 5.220 Thread 0x0000026680c95bd0 nmethod 1279% 0x00000266e4d77d10 code [0x00000266e4d782e0, 0x00000266e4d7a508]
Event: 5.220 Thread 0x0000026680fb1fd0 1280 % !   4       miniProject.TheaterApp::main @ 348 (354 bytes)
Event: 5.221 Thread 0x0000026680fb1fd0 nmethod 1280% 0x00000266ebfc8d10 code [0x00000266ebfc8e80, 0x00000266ebfc8f18]
Event: 5.221 Thread 0x00000266811ce920 1281   !   4       miniProject.TheaterApp::main (354 bytes)

GC Heap History (2 events):
Event: 5.098 GC heap before
{Heap before GC invocations=0 (full 0):
 garbage-first heap   total 260096K, used 20480K [0x0000000702a00000, 0x0000000800000000)
  region size 2048K, 11 young (22528K), 0 survivors (0K)
 Metaspace       used 18487K, committed 18688K, reserved 1073152K
  class space    used 1503K, committed 1600K, reserved 1048576K
}
Event: 5.100 GC heap after
{Heap after GC invocations=1 (full 0):
 garbage-first heap   total 260096K, used 3099K [0x0000000702a00000, 0x0000000800000000)
  region size 2048K, 2 young (4096K), 2 survivors (4096K)
 Metaspace       used 18487K, committed 18688K, reserved 1073152K
  class space    used 1503K, committed 1600K, reserved 1048576K
}

Deoptimization events (20 events):
Event: 5.122 Thread 0x00000266e0d1d970 DEOPT PACKING pc=0x00000266ebfbc150 sp=0x000000ee26ffdbe0
Event: 5.122 Thread 0x00000266e0d1d970 DEOPT UNPACKING pc=0x00000266e4425c23 sp=0x000000ee26ffdb70 mode 2
Event: 5.124 Thread 0x00000266e0d1d970 Uncommon trap: trap_request=0xffffffc6 fr.pc=0x00000266ebfbc150 relative=0x0000000000000570
Event: 5.124 Thread 0x00000266e0d1d970 Uncommon trap: reason=bimorphic_or_optimized_type_check action=maybe_recompile pc=0x00000266ebfbc150 method=java.util.concurrent.ConcurrentHashMap.get(Ljava/lang/Object;)Ljava/lang/Object; @ 149 c2
Event: 5.124 Thread 0x00000266e0d1d970 DEOPT PACKING pc=0x00000266ebfbc150 sp=0x000000ee26ffb5c0
Event: 5.124 Thread 0x00000266e0d1d970 DEOPT UNPACKING pc=0x00000266e4425c23 sp=0x000000ee26ffb550 mode 2
Event: 5.124 Thread 0x00000266e0d1d970 Uncommon trap: trap_request=0xffffffc6 fr.pc=0x00000266ebfbc150 relative=0x0000000000000570
Event: 5.124 Thread 0x00000266e0d1d970 Uncommon trap: reason=bimorphic_or_optimized_type_check action=maybe_recompile pc=0x00000266ebfbc150 method=java.util.concurrent.ConcurrentHashMap.get(Ljava/lang/Object;)Ljava/lang/Object; @ 149 c2
Event: 5.124 Thread 0x00000266e0d1d970 DEOPT PACKING pc=0x00000266ebfbc150 sp=0x000000ee26ffb5c0
Event: 5.124 Thread 0x00000266e0d1d970 DEOPT UNPACKING pc=0x00000266e4425c23 sp=0x000000ee26ffb550 mode 2
Event: 5.150 Thread 0x00000266e0d1d970 Uncommon trap: trap_request=0xffffff45 fr.pc=0x00000266ebf9d424 relative=0x0000000000000324
Event: 5.150 Thread 0x00000266e0d1d970 Uncommon trap: reason=unstable_if action=reinterpret pc=0x00000266ebf9d424 method=java.lang.StringUTF16.compress([CI[BII)I @ 20 c2
Event: 5.150 Thread 0x00000266e0d1d970 DEOPT PACKING pc=0x00000266ebf9d424 sp=0x000000ee26ffe790
Event: 5.150 Thread 0x00000266e0d1d970 DEOPT UNPACKING pc=0x00000266e4425c23 sp=0x000000ee26ffe710 mode 2
Event: 5.184 Thread 0x00000266e0d1d970 Uncommon trap: trap_request=0xffffffc6 fr.pc=0x00000266ebfbc150 relative=0x0000000000000570
Event: 5.184 Thread 0x00000266e0d1d970 Uncommon trap: reason=bimorphic_or_optimized_type_check action=maybe_recompile pc=0x00000266ebfbc150 method=java.util.concurrent.ConcurrentHashMap.get(Ljava/lang/Object;)Ljava/lang/Object; @ 149 c2
Event: 5.185 Thread 0x00000266e0d1d970 DEOPT PACKING pc=0x00000266ebfbc150 sp=0x000000ee26ffdeb0
Event: 5.185 Thread 0x00000266e0d1d970 DEOPT UNPACKING pc=0x00000266e4425c23 sp=0x000000ee26ffde40 mode 2
Event: 5.221 Thread 0x00000266e0d1d970 DEOPT PACKING pc=0x00000266e4d7a1e2 sp=0x000000ee26fff390
Event: 5.221 Thread 0x00000266e0d1d970 DEOPT UNPACKING pc=0x00000266e4426763 sp=0x000000ee26ffe8d0 mode 0

Classes unloaded (0 events):
No events

Classes redefined (0 events):
No events

Internal exceptions (11 events):
Event: 4.860 Thread 0x00000266e0d1d970 Exception <a 'java/lang/NoSuchMethodError'{0x00000007125ff528}: 'java.lang.Object java.lang.invoke.DirectMethodHandle$Holder.invokeStatic(java.lang.Object, java.lang.Object, int)'> (0x00000007125ff528) 
thrown [e:\jenkins\tmp\workspace\build\src\src\hotspot\share\interpreter\linkResolver.cpp, line 766]
Event: 4.861 Thread 0x00000266e0d1d970 Exception <a 'java/lang/NoSuchMethodError'{0x000000071220b800}: 'void java.lang.invoke.DelegatingMethodHandle$Holder.delegate(java.lang.Object, java.lang.Object, int, java.lang.Object)'> (0x000000071220b800) 
thrown [e:\jenkins\tmp\workspace\build\src\src\hotspot\share\interpreter\linkResolver.cpp, line 766]
Event: 4.861 Thread 0x00000266e0d1d970 Exception <a 'java/lang/NoSuchMethodError'{0x000000071220fa40}: 'int java.lang.invoke.DirectMethodHandle$Holder.invokeSpecial(java.lang.Object, java.lang.Object, java.lang.Object)'> (0x000000071220fa40) 
thrown [e:\jenkins\tmp\workspace\build\src\src\hotspot\share\interpreter\linkResolver.cpp, line 766]
Event: 4.865 Thread 0x00000266e0d1d970 Exception <a 'java/lang/NoSuchMethodError'{0x0000000712234030}: 'java.lang.Object java.lang.invoke.DirectMethodHandle$Holder.invokeStaticInit(java.lang.Object)'> (0x0000000712234030) 
thrown [e:\jenkins\tmp\workspace\build\src\src\hotspot\share\interpreter\linkResolver.cpp, line 766]
Event: 4.881 Thread 0x00000266e0d1d970 Exception <a 'java/lang/NoSuchMethodError'{0x00000007122638b0}: 'int java.lang.invoke.DirectMethodHandle$Holder.invokeInterface(java.lang.Object, java.lang.Object)'> (0x00000007122638b0) 
thrown [e:\jenkins\tmp\workspace\build\src\src\hotspot\share\interpreter\linkResolver.cpp, line 766]
Event: 4.881 Thread 0x00000266e0d1d970 Exception <a 'java/lang/IncompatibleClassChangeError'{0x0000000712266eb0}: Found class java.lang.Object, but interface was expected> (0x0000000712266eb0) 
thrown [e:\jenkins\tmp\workspace\build\src\src\hotspot\share\interpreter\linkResolver.cpp, line 833]
Event: 4.882 Thread 0x00000266e0d1d970 Exception <a 'java/lang/NoSuchMethodError'{0x000000071226cf38}: 'void java.lang.invoke.DirectMethodHandle$Holder.invokeStatic(java.lang.Object, java.lang.Object)'> (0x000000071226cf38) 
thrown [e:\jenkins\tmp\workspace\build\src\src\hotspot\share\interpreter\linkResolver.cpp, line 766]
Event: 4.929 Thread 0x00000266e0d1d970 Exception <a 'java/lang/NoSuchMethodError'{0x000000071209f168}: 'void java.lang.invoke.DirectMethodHandle$Holder.invokeStatic(java.lang.Object, java.lang.Object, java.lang.Object)'> (0x000000071209f168) 
thrown [e:\jenkins\tmp\workspace\build\src\src\hotspot\share\interpreter\linkResolver.cpp, line 766]
Event: 4.943 Thread 0x00000266e0d1d970 Exception <a 'java/lang/NoSuchMethodError'{0x00000007121a6590}: 'java.lang.Object java.lang.invoke.DirectMethodHandle$Holder.invokeInterface(java.lang.Object, java.lang.Object)'> (0x00000007121a6590) 
thrown [e:\jenkins\tmp\workspace\build\src\src\hotspot\share\interpreter\linkResolver.cpp, line 766]
Event: 5.112 Thread 0x00000266e0d1d970 Exception <a 'sun/nio/fs/WindowsException'{0x00000007127936b8}> (0x00000007127936b8) 
thrown [e:\jenkins\tmp\workspace\build\src\src\hotspot\share\prims\jni.cpp, line 516]
Event: 5.121 Thread 0x00000266e0d1d970 Exception <a 'java/lang/NoSuchMethodError'{0x00000007127bb030}: 'java.lang.Object java.lang.invoke.DirectMethodHandle$Holder.invokeStaticInit(java.lang.Object, int, int, int, int)'> (0x00000007127bb030) 
thrown [e:\jenkins\tmp\workspace\build\src\src\hotspot\share\interpreter\linkResolver.cpp, line 766]

VM Operations (20 events):
Event: 1.027 Executing VM operation: Cleanup
Event: 1.027 Executing VM operation: Cleanup done
Event: 4.851 Executing VM operation: HandshakeAllThreads
Event: 4.851 Executing VM operation: HandshakeAllThreads done
Event: 4.962 Executing VM operation: HandshakeAllThreads
Event: 4.962 Executing VM operation: HandshakeAllThreads done
Event: 4.962 Executing VM operation: Cleanup
Event: 4.962 Executing VM operation: Cleanup done
Event: 5.015 Executing VM operation: HandshakeAllThreads
Event: 5.015 Executing VM operation: HandshakeAllThreads done
Event: 5.032 Executing VM operation: HandshakeAllThreads
Event: 5.032 Executing VM operation: HandshakeAllThreads done
Event: 5.037 Executing VM operation: HandshakeAllThreads
Event: 5.037 Executing VM operation: HandshakeAllThreads done
Event: 5.094 Executing VM operation: HandshakeAllThreads
Event: 5.094 Executing VM operation: HandshakeAllThreads done
Event: 5.098 Executing VM operation: G1CollectForAllocation
Event: 5.100 Executing VM operation: G1CollectForAllocation done
Event: 5.115 Executing VM operation: HandshakeAllThreads
Event: 5.115 Executing VM operation: HandshakeAllThreads done

Events (20 events):
Event: 5.183 loading class sun/util/locale/provider/LocaleServiceProviderPool$LocalizedObjectGetter done
Event: 5.183 loading class sun/util/locale/provider/CalendarDataUtility$CalendarWeekParameterGetter done
Event: 5.183 loading class sun/util/cldr/CLDRCalendarDataProviderImpl
Event: 5.183 loading class sun/util/locale/provider/CalendarDataProviderImpl
Event: 5.183 loading class sun/util/locale/provider/CalendarDataProviderImpl done
Event: 5.183 loading class sun/util/cldr/CLDRCalendarDataProviderImpl done
Event: 5.187 Thread 0x0000026682124ff0 Thread added: 0x0000026682124ff0
Event: 5.187 Thread 0x000002668235f5a0 Thread added: 0x000002668235f5a0
Event: 5.191 loading class sun/util/resources/cldr/CalendarData
Event: 5.191 loading class sun/util/resources/cldr/CalendarData done
Event: 5.195 loading class java/lang/Byte$ByteCache
Event: 5.195 loading class java/lang/Byte$ByteCache done
Event: 5.204 loading class java/lang/NoSuchFieldError
Event: 5.204 loading class java/lang/NoSuchFieldError done
Event: 5.205 loading class java/util/BitSet
Event: 5.205 loading class java/util/BitSet done
Event: 5.208 loading class java/net/MalformedURLException
Event: 5.208 loading class java/net/MalformedURLException done
Event: 5.209 loading class java/io/CharArrayReader
Event: 5.209 loading class java/io/CharArrayReader done


Dynamic libraries:
0x00007ff6d2230000 - 0x00007ff6d223e000 	D:\java_pg\eclipse-jee-2021-12-R-win32-x86_64\eclipse\plugins\org.eclipse.justj.openjdk.hotspot.jre.full.win32.x86_64_17.0.1.v20211116-1657\jre\bin\javaw.exe
0x00007ffcbc490000 - 0x00007ffcbc688000 	C:\Windows\SYSTEM32\ntdll.dll
0x00007ffcbb270000 - 0x00007ffcbb32d000 	C:\Windows\System32\KERNEL32.DLL
0x00007ffcb9c60000 - 0x00007ffcb9f56000 	C:\Windows\System32\KERNELBASE.dll
0x00007ffcba3f0000 - 0x00007ffcba4f0000 	C:\Windows\System32\ucrtbase.dll
0x00007ffcab8c0000 - 0x00007ffcab8d8000 	D:\java_pg\eclipse-jee-2021-12-R-win32-x86_64\eclipse\plugins\org.eclipse.justj.openjdk.hotspot.jre.full.win32.x86_64_17.0.1.v20211116-1657\jre\bin\jli.dll
0x00007ffcab060000 - 0x00007ffcab079000 	D:\java_pg\eclipse-jee-2021-12-R-win32-x86_64\eclipse\plugins\org.eclipse.justj.openjdk.hotspot.jre.full.win32.x86_64_17.0.1.v20211116-1657\jre\bin\VCRUNTIME140.dll
0x00007ffcbb6f0000 - 0x00007ffcbb88e000 	C:\Windows\System32\USER32.dll
0x00007ffcb9b70000 - 0x00007ffcb9b92000 	C:\Windows\System32\win32u.dll
0x00007ffca94f0000 - 0x00007ffca978a000 	C:\Windows\WinSxS\amd64_microsoft.windows.common-controls_6595b64144ccf1df_6.0.19041.3636_none_60b6a03d71f818d5\COMCTL32.dll
0x00007ffcbb890000 - 0x00007ffcbb8bc000 	C:\Windows\System32\GDI32.dll
0x00007ffcbbed0000 - 0x00007ffcbbf6e000 	C:\Windows\System32\msvcrt.dll
0x00007ffcb9f60000 - 0x00007ffcba07a000 	C:\Windows\System32\gdi32full.dll
0x00007ffcba350000 - 0x00007ffcba3ed000 	C:\Windows\System32\msvcp_win.dll
0x00007ffcbaa90000 - 0x00007ffcbaac0000 	C:\Windows\System32\IMM32.DLL
0x00007ffcab050000 - 0x00007ffcab05c000 	D:\java_pg\eclipse-jee-2021-12-R-win32-x86_64\eclipse\plugins\org.eclipse.justj.openjdk.hotspot.jre.full.win32.x86_64_17.0.1.v20211116-1657\jre\bin\vcruntime140_1.dll
0x00007ffca8400000 - 0x00007ffca8491000 	D:\java_pg\eclipse-jee-2021-12-R-win32-x86_64\eclipse\plugins\org.eclipse.justj.openjdk.hotspot.jre.full.win32.x86_64_17.0.1.v20211116-1657\jre\bin\msvcp140.dll
0x00007ffc98530000 - 0x00007ffc99176000 	D:\java_pg\eclipse-jee-2021-12-R-win32-x86_64\eclipse\plugins\org.eclipse.justj.openjdk.hotspot.jre.full.win32.x86_64_17.0.1.v20211116-1657\jre\bin\server\jvm.dll
0x00007ffcba760000 - 0x00007ffcba80f000 	C:\Windows\System32\ADVAPI32.dll
0x00007ffcba4f0000 - 0x00007ffcba58c000 	C:\Windows\System32\sechost.dll
0x00007ffcbb3b0000 - 0x00007ffcbb4d6000 	C:\Windows\System32\RPCRT4.dll
0x00007ffcba750000 - 0x00007ffcba758000 	C:\Windows\System32\PSAPI.DLL
0x00007ffcabab0000 - 0x00007ffcabad7000 	C:\Windows\SYSTEM32\WINMM.dll
0x00007ffca9f30000 - 0x00007ffca9f39000 	C:\Windows\SYSTEM32\WSOCK32.dll
0x00007ffcb4140000 - 0x00007ffcb414a000 	C:\Windows\SYSTEM32\VERSION.dll
0x00007ffcbb340000 - 0x00007ffcbb3ab000 	C:\Windows\System32\WS2_32.dll
0x00007ffcb7970000 - 0x00007ffcb7982000 	C:\Windows\SYSTEM32\kernel.appcore.dll
0x00007ffcab040000 - 0x00007ffcab04a000 	D:\java_pg\eclipse-jee-2021-12-R-win32-x86_64\eclipse\plugins\org.eclipse.justj.openjdk.hotspot.jre.full.win32.x86_64_17.0.1.v20211116-1657\jre\bin\jimage.dll
0x00007ffca1e90000 - 0x00007ffca2074000 	C:\Windows\SYSTEM32\DBGHELP.DLL
0x00007ffc97910000 - 0x00007ffc97944000 	C:\Windows\SYSTEM32\dbgcore.DLL
0x00007ffcba2c0000 - 0x00007ffcba342000 	C:\Windows\System32\bcryptPrimitives.dll
0x00007ffcab010000 - 0x00007ffcab035000 	D:\java_pg\eclipse-jee-2021-12-R-win32-x86_64\eclipse\plugins\org.eclipse.justj.openjdk.hotspot.jre.full.win32.x86_64_17.0.1.v20211116-1657\jre\bin\java.dll
0x00007ffcaa900000 - 0x00007ffcaa918000 	D:\java_pg\eclipse-jee-2021-12-R-win32-x86_64\eclipse\plugins\org.eclipse.justj.openjdk.hotspot.jre.full.win32.x86_64_17.0.1.v20211116-1657\jre\bin\zip.dll
0x00007ffcbab20000 - 0x00007ffcbb265000 	C:\Windows\System32\SHELL32.dll
0x00007ffcb7c50000 - 0x00007ffcb83eb000 	C:\Windows\SYSTEM32\windows.storage.dll
0x00007ffcbb8c0000 - 0x00007ffcbbc14000 	C:\Windows\System32\combase.dll
0x00007ffcb95b0000 - 0x00007ffcb95dd000 	C:\Windows\SYSTEM32\Wldp.dll
0x00007ffcba9e0000 - 0x00007ffcbaa8d000 	C:\Windows\System32\SHCORE.dll
0x00007ffcbaac0000 - 0x00007ffcbab15000 	C:\Windows\System32\shlwapi.dll
0x00007ffcb9aa0000 - 0x00007ffcb9ac5000 	C:\Windows\SYSTEM32\profapi.dll
0x00007ffcab930000 - 0x00007ffcab949000 	D:\java_pg\eclipse-jee-2021-12-R-win32-x86_64\eclipse\plugins\org.eclipse.justj.openjdk.hotspot.jre.full.win32.x86_64_17.0.1.v20211116-1657\jre\bin\net.dll
0x00007ffcb37d0000 - 0x00007ffcb38da000 	C:\Windows\SYSTEM32\WINHTTP.dll
0x00007ffcb9310000 - 0x00007ffcb937a000 	C:\Windows\system32\mswsock.dll
0x00007ffcab910000 - 0x00007ffcab925000 	D:\java_pg\eclipse-jee-2021-12-R-win32-x86_64\eclipse\plugins\org.eclipse.justj.openjdk.hotspot.jre.full.win32.x86_64_17.0.1.v20211116-1657\jre\bin\nio.dll
0x00007ffcab000000 - 0x00007ffcab009000 	D:\java_pg\eclipse-jee-2021-12-R-win32-x86_64\eclipse\plugins\org.eclipse.justj.openjdk.hotspot.jre.full.win32.x86_64_17.0.1.v20211116-1657\jre\bin\management.dll
0x00007ffcaad40000 - 0x00007ffcaad4b000 	D:\java_pg\eclipse-jee-2021-12-R-win32-x86_64\eclipse\plugins\org.eclipse.justj.openjdk.hotspot.jre.full.win32.x86_64_17.0.1.v20211116-1657\jre\bin\management_ext.dll
0x00007ffcaad30000 - 0x00007ffcaad40000 	D:\java_pg\eclipse-jee-2021-12-R-win32-x86_64\eclipse\plugins\org.eclipse.justj.openjdk.hotspot.jre.full.win32.x86_64_17.0.1.v20211116-1657\jre\bin\verify.dll
0x00007ffcb8ff0000 - 0x00007ffcb90ba000 	C:\Windows\SYSTEM32\DNSAPI.dll
0x00007ffcb8fb0000 - 0x00007ffcb8feb000 	C:\Windows\SYSTEM32\IPHLPAPI.DLL
0x00007ffcbbf70000 - 0x00007ffcbbf78000 	C:\Windows\System32\NSI.dll
0x00007ffcb2560000 - 0x00007ffcb256a000 	C:\Windows\System32\rasadhlp.dll
0x00007ffcb2020000 - 0x00007ffcb20a0000 	C:\Windows\System32\fwpuclnt.dll
0x00007ffcba290000 - 0x00007ffcba2b7000 	C:\Windows\System32\bcrypt.dll
0x00007ffca2160000 - 0x00007ffca2177000 	C:\Windows\system32\napinsp.dll
0x00007ffca2140000 - 0x00007ffca215b000 	C:\Windows\system32\pnrpnsp.dll
0x00007ffca20e0000 - 0x00007ffca20f5000 	C:\Windows\system32\wshbth.dll
0x00007ffcb5530000 - 0x00007ffcb554d000 	C:\Windows\system32\NLAapi.dll
0x00007ffca2080000 - 0x00007ffca2092000 	C:\Windows\System32\winrnr.dll
0x00007ffcb9500000 - 0x00007ffcb9518000 	C:\Windows\SYSTEM32\CRYPTSP.dll
0x00007ffcb8bb0000 - 0x00007ffcb8be4000 	C:\Windows\system32\rsaenh.dll
0x00007ffcb9a60000 - 0x00007ffcb9a8e000 	C:\Windows\SYSTEM32\USERENV.dll
0x00007ffcb9520000 - 0x00007ffcb952c000 	C:\Windows\SYSTEM32\CRYPTBASE.dll
0x00007ffcb45b0000 - 0x00007ffcb45c7000 	C:\Windows\SYSTEM32\dhcpcsvc6.DLL
0x00007ffcb4590000 - 0x00007ffcb45ad000 	C:\Windows\SYSTEM32\dhcpcsvc.DLL

dbghelp: loaded successfully - version: 4.0.5 - missing functions: none
symbol engine: initialized successfully - sym options: 0x614 - pdb path: .;D:\java_pg\eclipse-jee-2021-12-R-win32-x86_64\eclipse\plugins\org.eclipse.justj.openjdk.hotspot.jre.full.win32.x86_64_17.0.1.v20211116-1657\jre\bin;C:\Windows\SYSTEM32;C:\Windows\WinSxS\amd64_microsoft.windows.common-controls_6595b64144ccf1df_6.0.19041.3636_none_60b6a03d71f818d5;D:\java_pg\eclipse-jee-2021-12-R-win32-x86_64\eclipse\plugins\org.eclipse.justj.openjdk.hotspot.jre.full.win32.x86_64_17.0.1.v20211116-1657\jre\bin\server

VM Arguments:
jvm_args: -Dfile.encoding=x-windows-949 -Dstdout.encoding=x-windows-949 -Dstderr.encoding=x-windows-949 -XX:+ShowCodeDetailsInExceptionMessages 
java_command: miniProject.TheaterApp
java_class_path (initial): D:\git\java_master\hgjava\bin;D:\lombok-1.18.30.jar;D:\ojdbc6_g.jar
Launcher Type: SUN_STANDARD

[Global flags]
     intx CICompilerCount                          = 12                                        {product} {ergonomic}
     uint ConcGCThreads                            = 3                                         {product} {ergonomic}
     uint G1ConcRefinementThreads                  = 13                                        {product} {ergonomic}
   size_t G1HeapRegionSize                         = 2097152                                   {product} {ergonomic}
    uintx GCDrainStackTargetSize                   = 64                                        {product} {ergonomic}
   size_t InitialHeapSize                          = 266338304                                 {product} {ergonomic}
   size_t MarkStackSize                            = 4194304                                   {product} {ergonomic}
   size_t MaxHeapSize                              = 4250927104                                {product} {ergonomic}
   size_t MaxNewSize                               = 2550136832                                {product} {ergonomic}
   size_t MinHeapDeltaBytes                        = 2097152                                   {product} {ergonomic}
   size_t MinHeapSize                              = 8388608                                   {product} {ergonomic}
    uintx NonNMethodCodeHeapSize                   = 7602480                                {pd product} {ergonomic}
    uintx NonProfiledCodeHeapSize                  = 122027880                              {pd product} {ergonomic}
    uintx ProfiledCodeHeapSize                     = 122027880                              {pd product} {ergonomic}
    uintx ReservedCodeCacheSize                    = 251658240                              {pd product} {ergonomic}
     bool SegmentedCodeCache                       = true                                      {product} {ergonomic}
     bool ShowCodeDetailsInExceptionMessages       = true                                   {manageable} {command line}
   size_t SoftMaxHeapSize                          = 4250927104                             {manageable} {ergonomic}
     bool UseCompressedClassPointers               = true                           {product lp64_product} {ergonomic}
     bool UseCompressedOops                        = true                           {product lp64_product} {ergonomic}
     bool UseG1GC                                  = true                                      {product} {ergonomic}
     bool UseLargePagesIndividualAllocation        = false                                  {pd product} {ergonomic}

Logging:
Log output configuration:
 #0: stdout all=warning uptime,level,tags
 #1: stderr all=off uptime,level,tags

Environment Variables:
JAVA_HOME=C:\Program Files\Java\jdk1.8.0_231
PATH=D:/Dev/eclipse//plugins/org.eclipse.justj.openjdk.hotspot.jre.full.win32.x86_64_17.0.8.v20230831-1047/jre/bin/server;D:/Dev/eclipse//plugins/org.eclipse.justj.openjdk.hotspot.jre.full.win32.x86_64_17.0.8.v20230831-1047/jre/bin;C:\Program Files (x86)\Common Files\Oracle\Java\javapath;C:\oraclexe\app\oracle\product\11.2.0\server\bin;;C:\Program Files\Java\jdk1.8.0_231\bin;C:\Program Files\Common Files\Oracle\Java\javapath;C:\Windows\system32;C:\Windows;C:\Windows\System32\Wbem;C:\Windows\System32\WindowsPowerShell\v1.0\;C:\Windows\System32\OpenSSH\;C:\Users\admin\AppData\Local\Microsoft\WindowsApps;;C:\Users\admin\AppData\Local\Programs\Microsoft VS Code\bin;D:\Dev\eclipse;
USERNAME=admin
OS=Windows_NT
PROCESSOR_IDENTIFIER=Intel64 Family 6 Model 167 Stepping 1, GenuineIntel



---------------  S Y S T E M  ---------------

OS:
 Windows 10 , 64 bit Build 19041 (10.0.19041.3636)
OS uptime: 1 days 1:32 hours

CPU: total 16 (initial active 16) (8 cores per cpu, 2 threads per core) family 6 model 167 stepping 1 microcode 0x3c, cx8, cmov, fxsr, ht, mmx, 3dnowpref, sse, sse2, sse3, ssse3, sse4.1, sse4.2, popcnt, lzcnt, tsc, tscinvbit, avx, avx2, aes, erms, clmul, bmi1, bmi2, adx, avx512f, avx512dq, avx512cd, avx512bw, avx512vl, sha, fma, vzeroupper, avx512_vpopcntdq, avx512_vpclmulqdq, avx512_vaes, avx512_vnni, clflush, clflushopt, avx512_vbmi2, avx512_vbmi

Memory: 4k page, system-wide physical 16209M (10169M free)
TotalPageFile size 19537M (AvailPageFile size 11219M)
current process WorkingSet (physical memory assigned to process): 93M, peak: 93M
current process commit charge ("private bytes"): 376M, peak: 376M

vm_info: OpenJDK 64-Bit Server VM (17.0.1+12) for windows-amd64 JRE (17.0.1+12), built on Oct 20 2021 07:42:55 by "" with MS VC++ 16.7 (VS2019)

END.
